{"/home/ducksolucky/Desktop/SkyHelper-Networth/calculators/BasicItemNetworthCalculator.js": {"path":"/home/ducksolucky/Desktop/SkyHelper-Networth/calculators/BasicItemNetworthCalculator.js","statementMap":{"0":{"start":{"line":1,"column":44},"end":{"line":1,"column":76}},"1":{"start":{"line":2,"column":28},"end":{"line":2,"column":55}},"2":{"start":{"line":3,"column":22},"end":{"line":3,"column":52}},"3":{"start":{"line":4,"column":22},"end":{"line":4,"column":49}},"4":{"start":{"line":5,"column":24},"end":{"line":5,"column":62}},"5":{"start":{"line":18,"column":8},"end":{"line":18,"column":21}},"6":{"start":{"line":19,"column":8},"end":{"line":19,"column":34}},"7":{"start":{"line":20,"column":8},"end":{"line":20,"column":75}},"8":{"start":{"line":21,"column":8},"end":{"line":21,"column":44}},"9":{"start":{"line":23,"column":8},"end":{"line":23,"column":25}},"10":{"start":{"line":27,"column":8},"end":{"line":29,"column":9}},"11":{"start":{"line":28,"column":12},"end":{"line":28,"column":61}},"12":{"start":{"line":31,"column":8},"end":{"line":33,"column":9}},"13":{"start":{"line":32,"column":12},"end":{"line":32,"column":65}},"14":{"start":{"line":37,"column":8},"end":{"line":39,"column":9}},"15":{"start":{"line":38,"column":12},"end":{"line":38,"column":69}},"16":{"start":{"line":41,"column":8},"end":{"line":41,"column":61}},"17":{"start":{"line":53,"column":8},"end":{"line":53,"column":97}},"18":{"start":{"line":65,"column":8},"end":{"line":65,"column":96}},"19":{"start":{"line":78,"column":8},"end":{"line":78,"column":57}},"20":{"start":{"line":79,"column":8},"end":{"line":79,"column":61}},"21":{"start":{"line":80,"column":8},"end":{"line":80,"column":59}},"22":{"start":{"line":83,"column":8},"end":{"line":83,"column":43}},"23":{"start":{"line":84,"column":8},"end":{"line":86,"column":9}},"24":{"start":{"line":85,"column":12},"end":{"line":85,"column":82}},"25":{"start":{"line":88,"column":8},"end":{"line":88,"column":68}},"26":{"start":{"line":88,"column":56},"end":{"line":88,"column":68}},"27":{"start":{"line":91,"column":26},"end":{"line":91,"column":41}},"28":{"start":{"line":92,"column":8},"end":{"line":94,"column":9}},"29":{"start":{"line":93,"column":12},"end":{"line":93,"column":24}},"30":{"start":{"line":96,"column":8},"end":{"line":103,"column":10}},"31":{"start":{"line":107,"column":0},"end":{"line":107,"column":45}}},"fnMap":{"0":{"name":"(anonymous_0)","decl":{"start":{"line":17,"column":4},"end":{"line":17,"column":5}},"loc":{"start":{"line":17,"column":32},"end":{"line":24,"column":5}},"line":17},"1":{"name":"(anonymous_1)","decl":{"start":{"line":52,"column":4},"end":{"line":52,"column":5}},"loc":{"start":{"line":52,"column":62},"end":{"line":54,"column":5}},"line":52},"2":{"name":"(anonymous_2)","decl":{"start":{"line":64,"column":4},"end":{"line":64,"column":5}},"loc":{"start":{"line":64,"column":73},"end":{"line":66,"column":5}},"line":64}},"branchMap":{"0":{"loc":{"start":{"line":19,"column":22},"end":{"line":19,"column":33}},"type":"binary-expr","locations":[{"start":{"line":19,"column":22},"end":{"line":19,"column":28}},{"start":{"line":19,"column":32},"end":{"line":19,"column":33}}],"line":19},"1":{"loc":{"start":{"line":20,"column":28},"end":{"line":20,"column":74}},"type":"binary-expr","locations":[{"start":{"line":20,"column":28},"end":{"line":20,"column":68}},{"start":{"line":20,"column":72},"end":{"line":20,"column":74}}],"line":20},"2":{"loc":{"start":{"line":27,"column":8},"end":{"line":29,"column":9}},"type":"if","locations":[{"start":{"line":27,"column":8},"end":{"line":29,"column":9}},{"start":{},"end":{}}],"line":27},"3":{"loc":{"start":{"line":31,"column":8},"end":{"line":33,"column":9}},"type":"if","locations":[{"start":{"line":31,"column":8},"end":{"line":33,"column":9}},{"start":{},"end":{}}],"line":31},"4":{"loc":{"start":{"line":37,"column":8},"end":{"line":39,"column":9}},"type":"if","locations":[{"start":{"line":37,"column":8},"end":{"line":39,"column":9}},{"start":{},"end":{}}],"line":37},"5":{"loc":{"start":{"line":41,"column":15},"end":{"line":41,"column":60}},"type":"binary-expr","locations":[{"start":{"line":41,"column":15},"end":{"line":41,"column":38}},{"start":{"line":41,"column":42},"end":{"line":41,"column":60}}],"line":41},"6":{"loc":{"start":{"line":84,"column":8},"end":{"line":86,"column":9}},"type":"if","locations":[{"start":{"line":84,"column":8},"end":{"line":86,"column":9}},{"start":{},"end":{}}],"line":84},"7":{"loc":{"start":{"line":88,"column":8},"end":{"line":88,"column":68}},"type":"if","locations":[{"start":{"line":88,"column":8},"end":{"line":88,"column":68}},{"start":{},"end":{}}],"line":88},"8":{"loc":{"start":{"line":88,"column":12},"end":{"line":88,"column":54}},"type":"binary-expr","locations":[{"start":{"line":88,"column":12},"end":{"line":88,"column":39}},{"start":{"line":88,"column":43},"end":{"line":88,"column":54}}],"line":88},"9":{"loc":{"start":{"line":92,"column":8},"end":{"line":94,"column":9}},"type":"if","locations":[{"start":{"line":92,"column":8},"end":{"line":94,"column":9}},{"start":{},"end":{}}],"line":92}},"s":{"0":1,"1":1,"2":1,"3":1,"4":1,"5":0,"6":0,"7":0,"8":0,"9":0,"10":0,"11":0,"12":0,"13":0,"14":0,"15":0,"16":0,"17":0,"18":0,"19":0,"20":0,"21":0,"22":0,"23":0,"24":0,"25":0,"26":0,"27":0,"28":0,"29":0,"30":0,"31":1},"f":{"0":0,"1":0,"2":0},"b":{"0":[0,0],"1":[0,0],"2":[0,0],"3":[0,0],"4":[0,0],"5":[0,0],"6":[0,0],"7":[0,0],"8":[0,0],"9":[0,0]},"_coverageSchema":"1a1c01bbd47fc00a2c39e90264f33305004495a9","hash":"f8cb8a5466ed99e4e8bd34d69ff4749e098b1bcf"}
,"/home/ducksolucky/Desktop/SkyHelper-Networth/calculators/PetNetworthCalculator.js": {"path":"/home/ducksolucky/Desktop/SkyHelper-Networth/calculators/PetNetworthCalculator.js","statementMap":{"0":{"start":{"line":1,"column":22},"end":{"line":1,"column":49}},"1":{"start":{"line":2,"column":24},"end":{"line":2,"column":62}},"2":{"start":{"line":3,"column":24},"end":{"line":3,"column":54}},"3":{"start":{"line":4,"column":23},"end":{"line":4,"column":52}},"4":{"start":{"line":5,"column":32},"end":{"line":5,"column":70}},"5":{"start":{"line":6,"column":26},"end":{"line":6,"column":64}},"6":{"start":{"line":21,"column":8},"end":{"line":21,"column":97}},"7":{"start":{"line":33,"column":8},"end":{"line":33,"column":96}},"8":{"start":{"line":47,"column":8},"end":{"line":47,"column":39}},"9":{"start":{"line":48,"column":8},"end":{"line":48,"column":57}},"10":{"start":{"line":49,"column":8},"end":{"line":49,"column":61}},"11":{"start":{"line":50,"column":8},"end":{"line":50,"column":65}},"12":{"start":{"line":53,"column":8},"end":{"line":53,"column":43}},"13":{"start":{"line":54,"column":8},"end":{"line":56,"column":9}},"14":{"start":{"line":55,"column":12},"end":{"line":55,"column":82}},"15":{"start":{"line":59,"column":8},"end":{"line":59,"column":34}},"16":{"start":{"line":62,"column":25},"end":{"line":62,"column":66}},"17":{"start":{"line":63,"column":8},"end":{"line":63,"column":39}},"18":{"start":{"line":64,"column":8},"end":{"line":74,"column":9}},"19":{"start":{"line":66,"column":28},"end":{"line":66,"column":41}},"20":{"start":{"line":68,"column":12},"end":{"line":70,"column":13}},"21":{"start":{"line":69,"column":16},"end":{"line":69,"column":25}},"22":{"start":{"line":73,"column":12},"end":{"line":73,"column":44}},"23":{"start":{"line":76,"column":8},"end":{"line":86,"column":10}},"24":{"start":{"line":90,"column":0},"end":{"line":90,"column":39}}},"fnMap":{"0":{"name":"(anonymous_0)","decl":{"start":{"line":20,"column":4},"end":{"line":20,"column":5}},"loc":{"start":{"line":20,"column":67},"end":{"line":22,"column":5}},"line":20},"1":{"name":"(anonymous_1)","decl":{"start":{"line":32,"column":4},"end":{"line":32,"column":5}},"loc":{"start":{"line":32,"column":78},"end":{"line":34,"column":5}},"line":32}},"branchMap":{"0":{"loc":{"start":{"line":20,"column":22},"end":{"line":20,"column":65}},"type":"default-arg","locations":[{"start":{"line":20,"column":63},"end":{"line":20,"column":65}}],"line":20},"1":{"loc":{"start":{"line":32,"column":33},"end":{"line":32,"column":76}},"type":"default-arg","locations":[{"start":{"line":32,"column":74},"end":{"line":32,"column":76}}],"line":32},"2":{"loc":{"start":{"line":54,"column":8},"end":{"line":56,"column":9}},"type":"if","locations":[{"start":{"line":54,"column":8},"end":{"line":56,"column":9}},{"start":{},"end":{}}],"line":54},"3":{"loc":{"start":{"line":68,"column":12},"end":{"line":70,"column":13}},"type":"if","locations":[{"start":{"line":68,"column":12},"end":{"line":70,"column":13}},{"start":{},"end":{}}],"line":68}},"s":{"0":1,"1":1,"2":1,"3":1,"4":1,"5":1,"6":0,"7":0,"8":0,"9":0,"10":0,"11":0,"12":0,"13":0,"14":0,"15":0,"16":0,"17":0,"18":0,"19":0,"20":0,"21":0,"22":0,"23":0,"24":1},"f":{"0":0,"1":0},"b":{"0":[0],"1":[0],"2":[0,0],"3":[0,0]},"_coverageSchema":"1a1c01bbd47fc00a2c39e90264f33305004495a9","hash":"738952d3af9736d7aa6d4e6e2bedc482027a790a"}
,"/home/ducksolucky/Desktop/SkyHelper-Networth/calculators/ProfileNetworthCalculator.js": {"path":"/home/ducksolucky/Desktop/SkyHelper-Networth/calculators/ProfileNetworthCalculator.js","statementMap":{"0":{"start":{"line":1,"column":22},"end":{"line":1,"column":49}},"1":{"start":{"line":2,"column":23},"end":{"line":2,"column":54}},"2":{"start":{"line":3,"column":24},"end":{"line":3,"column":62}},"3":{"start":{"line":4,"column":39},"end":{"line":4,"column":82}},"4":{"start":{"line":5,"column":30},"end":{"line":5,"column":64}},"5":{"start":{"line":6,"column":36},"end":{"line":6,"column":76}},"6":{"start":{"line":7,"column":28},"end":{"line":7,"column":55}},"7":{"start":{"line":9,"column":30},"end":{"line":14,"column":1}},"8":{"start":{"line":31,"column":8},"end":{"line":31,"column":39}},"9":{"start":{"line":32,"column":8},"end":{"line":32,"column":43}},"10":{"start":{"line":33,"column":8},"end":{"line":33,"column":44}},"11":{"start":{"line":34,"column":8},"end":{"line":34,"column":24}},"12":{"start":{"line":36,"column":8},"end":{"line":36,"column":25}},"13":{"start":{"line":38,"column":8},"end":{"line":38,"column":61}},"14":{"start":{"line":39,"column":8},"end":{"line":39,"column":74}},"15":{"start":{"line":65,"column":27},"end":{"line":65,"column":86}},"16":{"start":{"line":66,"column":8},"end":{"line":66,"column":33}},"17":{"start":{"line":67,"column":8},"end":{"line":67,"column":26}},"18":{"start":{"line":74,"column":8},"end":{"line":76,"column":9}},"19":{"start":{"line":75,"column":12},"end":{"line":75,"column":71}},"20":{"start":{"line":78,"column":8},"end":{"line":80,"column":9}},"21":{"start":{"line":79,"column":12},"end":{"line":79,"column":72}},"22":{"start":{"line":82,"column":8},"end":{"line":84,"column":9}},"23":{"start":{"line":83,"column":12},"end":{"line":83,"column":71}},"24":{"start":{"line":93,"column":8},"end":{"line":93,"column":67}},"25":{"start":{"line":102,"column":8},"end":{"line":102,"column":66}},"26":{"start":{"line":112,"column":8},"end":{"line":112,"column":57}},"27":{"start":{"line":113,"column":8},"end":{"line":113,"column":61}},"28":{"start":{"line":114,"column":8},"end":{"line":114,"column":65}},"29":{"start":{"line":115,"column":8},"end":{"line":115,"column":59}},"30":{"start":{"line":116,"column":8},"end":{"line":116,"column":65}},"31":{"start":{"line":117,"column":8},"end":{"line":117,"column":55}},"32":{"start":{"line":120,"column":8},"end":{"line":120,"column":43}},"33":{"start":{"line":121,"column":8},"end":{"line":123,"column":9}},"34":{"start":{"line":122,"column":12},"end":{"line":122,"column":82}},"35":{"start":{"line":126,"column":8},"end":{"line":128,"column":9}},"36":{"start":{"line":127,"column":12},"end":{"line":127,"column":77}},"37":{"start":{"line":131,"column":27},"end":{"line":131,"column":29}},"38":{"start":{"line":132,"column":8},"end":{"line":204,"column":9}},"39":{"start":{"line":133,"column":12},"end":{"line":133,"column":80}},"40":{"start":{"line":136,"column":12},"end":{"line":170,"column":13}},"41":{"start":{"line":137,"column":16},"end":{"line":137,"column":70}},"42":{"start":{"line":137,"column":61},"end":{"line":137,"column":70}},"43":{"start":{"line":140,"column":38},"end":{"line":140,"column":102}},"44":{"start":{"line":145,"column":16},"end":{"line":154,"column":17}},"45":{"start":{"line":146,"column":20},"end":{"line":151,"column":21}},"46":{"start":{"line":147,"column":24},"end":{"line":147,"column":76}},"47":{"start":{"line":148,"column":24},"end":{"line":148,"column":64}},"48":{"start":{"line":150,"column":24},"end":{"line":150,"column":33}},"49":{"start":{"line":152,"column":23},"end":{"line":154,"column":17}},"50":{"start":{"line":153,"column":20},"end":{"line":153,"column":29}},"51":{"start":{"line":157,"column":35},"end":{"line":157,"column":60}},"52":{"start":{"line":159,"column":31},"end":{"line":161,"column":79}},"53":{"start":{"line":164,"column":30},"end":{"line":164,"column":70}},"54":{"start":{"line":165,"column":16},"end":{"line":165,"column":52}},"55":{"start":{"line":166,"column":16},"end":{"line":166,"column":87}},"56":{"start":{"line":166,"column":40},"end":{"line":166,"column":87}},"57":{"start":{"line":167,"column":16},"end":{"line":169,"column":17}},"58":{"start":{"line":168,"column":20},"end":{"line":168,"column":60}},"59":{"start":{"line":173,"column":12},"end":{"line":200,"column":13}},"60":{"start":{"line":174,"column":16},"end":{"line":174,"column":106}},"61":{"start":{"line":174,"column":87},"end":{"line":174,"column":104}},"62":{"start":{"line":177,"column":16},"end":{"line":199,"column":17}},"63":{"start":{"line":178,"column":20},"end":{"line":198,"column":27}},"64":{"start":{"line":179,"column":24},"end":{"line":196,"column":25}},"65":{"start":{"line":180,"column":45},"end":{"line":185,"column":29}},"66":{"start":{"line":182,"column":36},"end":{"line":184,"column":77}},"67":{"start":{"line":186,"column":28},"end":{"line":193,"column":29}},"68":{"start":{"line":187,"column":32},"end":{"line":187,"column":61}},"69":{"start":{"line":188,"column":32},"end":{"line":188,"column":61}},"70":{"start":{"line":189,"column":32},"end":{"line":189,"column":75}},"71":{"start":{"line":190,"column":32},"end":{"line":190,"column":96}},"72":{"start":{"line":192,"column":32},"end":{"line":192,"column":47}},"73":{"start":{"line":195,"column":28},"end":{"line":195,"column":43}},"74":{"start":{"line":197,"column":24},"end":{"line":197,"column":35}},"75":{"start":{"line":203,"column":12},"end":{"line":203,"column":64}},"76":{"start":{"line":203,"column":30},"end":{"line":203,"column":64}},"77":{"start":{"line":207,"column":32},"end":{"line":207,"column":109}},"78":{"start":{"line":208,"column":22},"end":{"line":208,"column":116}},"79":{"start":{"line":208,"column":74},"end":{"line":208,"column":94}},"80":{"start":{"line":209,"column":33},"end":{"line":209,"column":138}},"81":{"start":{"line":209,"column":85},"end":{"line":209,"column":116}},"82":{"start":{"line":211,"column":8},"end":{"line":220,"column":10}},"83":{"start":{"line":224,"column":0},"end":{"line":224,"column":43}}},"fnMap":{"0":{"name":"(anonymous_0)","decl":{"start":{"line":30,"column":4},"end":{"line":30,"column":5}},"loc":{"start":{"line":30,"column":54},"end":{"line":40,"column":5}},"line":30},"1":{"name":"(anonymous_1)","decl":{"start":{"line":64,"column":4},"end":{"line":64,"column":5}},"loc":{"start":{"line":64,"column":58},"end":{"line":68,"column":5}},"line":64},"2":{"name":"(anonymous_2)","decl":{"start":{"line":92,"column":4},"end":{"line":92,"column":5}},"loc":{"start":{"line":92,"column":31},"end":{"line":94,"column":5}},"line":92},"3":{"name":"(anonymous_3)","decl":{"start":{"line":101,"column":4},"end":{"line":101,"column":5}},"loc":{"start":{"line":101,"column":42},"end":{"line":103,"column":5}},"line":101},"4":{"name":"(anonymous_4)","decl":{"start":{"line":174,"column":77},"end":{"line":174,"column":78}},"loc":{"start":{"line":174,"column":87},"end":{"line":174,"column":104}},"line":174},"5":{"name":"(anonymous_5)","decl":{"start":{"line":178,"column":83},"end":{"line":178,"column":84}},"loc":{"start":{"line":178,"column":98},"end":{"line":198,"column":21}},"line":178},"6":{"name":"(anonymous_6)","decl":{"start":{"line":181,"column":32},"end":{"line":181,"column":33}},"loc":{"start":{"line":182,"column":36},"end":{"line":184,"column":77}},"line":182},"7":{"name":"(anonymous_7)","decl":{"start":{"line":208,"column":55},"end":{"line":208,"column":56}},"loc":{"start":{"line":208,"column":74},"end":{"line":208,"column":94}},"line":208},"8":{"name":"(anonymous_8)","decl":{"start":{"line":209,"column":66},"end":{"line":209,"column":67}},"loc":{"start":{"line":209,"column":85},"end":{"line":209,"column":116}},"line":209}},"branchMap":{"0":{"loc":{"start":{"line":32,"column":26},"end":{"line":32,"column":42}},"type":"binary-expr","locations":[{"start":{"line":32,"column":26},"end":{"line":32,"column":36}},{"start":{"line":32,"column":40},"end":{"line":32,"column":42}}],"line":32},"1":{"loc":{"start":{"line":33,"column":27},"end":{"line":33,"column":43}},"type":"binary-expr","locations":[{"start":{"line":33,"column":27},"end":{"line":33,"column":38}},{"start":{"line":33,"column":42},"end":{"line":33,"column":43}}],"line":33},"2":{"loc":{"start":{"line":38,"column":21},"end":{"line":38,"column":60}},"type":"binary-expr","locations":[{"start":{"line":38,"column":21},"end":{"line":38,"column":55}},{"start":{"line":38,"column":59},"end":{"line":38,"column":60}}],"line":38},"3":{"loc":{"start":{"line":39,"column":35},"end":{"line":39,"column":73}},"type":"binary-expr","locations":[{"start":{"line":39,"column":35},"end":{"line":39,"column":68}},{"start":{"line":39,"column":72},"end":{"line":39,"column":73}}],"line":39},"4":{"loc":{"start":{"line":74,"column":8},"end":{"line":76,"column":9}},"type":"if","locations":[{"start":{"line":74,"column":8},"end":{"line":76,"column":9}},{"start":{},"end":{}}],"line":74},"5":{"loc":{"start":{"line":78,"column":8},"end":{"line":80,"column":9}},"type":"if","locations":[{"start":{"line":78,"column":8},"end":{"line":80,"column":9}},{"start":{},"end":{}}],"line":78},"6":{"loc":{"start":{"line":82,"column":8},"end":{"line":84,"column":9}},"type":"if","locations":[{"start":{"line":82,"column":8},"end":{"line":84,"column":9}},{"start":{},"end":{}}],"line":82},"7":{"loc":{"start":{"line":82,"column":12},"end":{"line":82,"column":100}},"type":"binary-expr","locations":[{"start":{"line":82,"column":12},"end":{"line":82,"column":37}},{"start":{"line":82,"column":41},"end":{"line":82,"column":70}},{"start":{"line":82,"column":74},"end":{"line":82,"column":100}}],"line":82},"8":{"loc":{"start":{"line":121,"column":8},"end":{"line":123,"column":9}},"type":"if","locations":[{"start":{"line":121,"column":8},"end":{"line":123,"column":9}},{"start":{},"end":{}}],"line":121},"9":{"loc":{"start":{"line":126,"column":8},"end":{"line":128,"column":9}},"type":"if","locations":[{"start":{"line":126,"column":8},"end":{"line":128,"column":9}},{"start":{},"end":{}}],"line":126},"10":{"loc":{"start":{"line":126,"column":12},"end":{"line":126,"column":58}},"type":"binary-expr","locations":[{"start":{"line":126,"column":12},"end":{"line":126,"column":23}},{"start":{"line":126,"column":27},"end":{"line":126,"column":58}}],"line":126},"11":{"loc":{"start":{"line":137,"column":16},"end":{"line":137,"column":70}},"type":"if","locations":[{"start":{"line":137,"column":16},"end":{"line":137,"column":70}},{"start":{},"end":{}}],"line":137},"12":{"loc":{"start":{"line":137,"column":20},"end":{"line":137,"column":59}},"type":"binary-expr","locations":[{"start":{"line":137,"column":20},"end":{"line":137,"column":25}},{"start":{"line":137,"column":29},"end":{"line":137,"column":59}}],"line":137},"13":{"loc":{"start":{"line":140,"column":38},"end":{"line":140,"column":102}},"type":"binary-expr","locations":[{"start":{"line":140,"column":38},"end":{"line":140,"column":69}},{"start":{"line":140,"column":73},"end":{"line":140,"column":102}}],"line":140},"14":{"loc":{"start":{"line":145,"column":16},"end":{"line":154,"column":17}},"type":"if","locations":[{"start":{"line":145,"column":16},"end":{"line":154,"column":17}},{"start":{"line":152,"column":23},"end":{"line":154,"column":17}}],"line":145},"15":{"loc":{"start":{"line":152,"column":23},"end":{"line":154,"column":17}},"type":"if","locations":[{"start":{"line":152,"column":23},"end":{"line":154,"column":17}},{"start":{},"end":{}}],"line":152},"16":{"loc":{"start":{"line":152,"column":27},"end":{"line":152,"column":110}},"type":"binary-expr","locations":[{"start":{"line":152,"column":27},"end":{"line":152,"column":53}},{"start":{"line":152,"column":57},"end":{"line":152,"column":79}},{"start":{"line":152,"column":83},"end":{"line":152,"column":110}}],"line":152},"17":{"loc":{"start":{"line":159,"column":31},"end":{"line":161,"column":79}},"type":"cond-expr","locations":[{"start":{"line":160,"column":22},"end":{"line":160,"column":90}},{"start":{"line":161,"column":22},"end":{"line":161,"column":79}}],"line":159},"18":{"loc":{"start":{"line":164,"column":30},"end":{"line":164,"column":70}},"type":"cond-expr","locations":[{"start":{"line":164,"column":53},"end":{"line":164,"column":54}},{"start":{"line":164,"column":57},"end":{"line":164,"column":70}}],"line":164},"19":{"loc":{"start":{"line":166,"column":16},"end":{"line":166,"column":87}},"type":"if","locations":[{"start":{"line":166,"column":16},"end":{"line":166,"column":87}},{"start":{},"end":{}}],"line":166},"20":{"loc":{"start":{"line":167,"column":16},"end":{"line":169,"column":17}},"type":"if","locations":[{"start":{"line":167,"column":16},"end":{"line":169,"column":17}},{"start":{},"end":{}}],"line":167},"21":{"loc":{"start":{"line":167,"column":20},"end":{"line":167,"column":52}},"type":"binary-expr","locations":[{"start":{"line":167,"column":20},"end":{"line":167,"column":33}},{"start":{"line":167,"column":37},"end":{"line":167,"column":43}},{"start":{"line":167,"column":47},"end":{"line":167,"column":52}}],"line":167},"22":{"loc":{"start":{"line":173,"column":12},"end":{"line":200,"column":13}},"type":"if","locations":[{"start":{"line":173,"column":12},"end":{"line":200,"column":13}},{"start":{},"end":{}}],"line":173},"23":{"loc":{"start":{"line":173,"column":16},"end":{"line":173,"column":70}},"type":"binary-expr","locations":[{"start":{"line":173,"column":16},"end":{"line":173,"column":29}},{"start":{"line":173,"column":33},"end":{"line":173,"column":70}}],"line":173},"24":{"loc":{"start":{"line":177,"column":16},"end":{"line":199,"column":17}},"type":"if","locations":[{"start":{"line":177,"column":16},"end":{"line":199,"column":17}},{"start":{},"end":{}}],"line":177},"25":{"loc":{"start":{"line":179,"column":24},"end":{"line":196,"column":25}},"type":"if","locations":[{"start":{"line":179,"column":24},"end":{"line":196,"column":25}},{"start":{"line":194,"column":31},"end":{"line":196,"column":25}}],"line":179},"26":{"loc":{"start":{"line":182,"column":36},"end":{"line":184,"column":77}},"type":"binary-expr","locations":[{"start":{"line":182,"column":36},"end":{"line":182,"column":63}},{"start":{"line":183,"column":36},"end":{"line":183,"column":103}},{"start":{"line":184,"column":36},"end":{"line":184,"column":77}}],"line":182},"27":{"loc":{"start":{"line":186,"column":28},"end":{"line":193,"column":29}},"type":"if","locations":[{"start":{"line":186,"column":28},"end":{"line":193,"column":29}},{"start":{"line":191,"column":35},"end":{"line":193,"column":29}}],"line":186},"28":{"loc":{"start":{"line":189,"column":48},"end":{"line":189,"column":74}},"type":"binary-expr","locations":[{"start":{"line":189,"column":48},"end":{"line":189,"column":61}},{"start":{"line":189,"column":65},"end":{"line":189,"column":74}}],"line":189},"29":{"loc":{"start":{"line":190,"column":55},"end":{"line":190,"column":95}},"type":"binary-expr","locations":[{"start":{"line":190,"column":55},"end":{"line":190,"column":75}},{"start":{"line":190,"column":79},"end":{"line":190,"column":95}}],"line":190},"30":{"loc":{"start":{"line":203,"column":12},"end":{"line":203,"column":64}},"type":"if","locations":[{"start":{"line":203,"column":12},"end":{"line":203,"column":64}},{"start":{},"end":{}}],"line":203},"31":{"loc":{"start":{"line":207,"column":33},"end":{"line":207,"column":54}},"type":"binary-expr","locations":[{"start":{"line":207,"column":33},"end":{"line":207,"column":49}},{"start":{"line":207,"column":53},"end":{"line":207,"column":54}}],"line":207},"32":{"loc":{"start":{"line":207,"column":59},"end":{"line":207,"column":74}},"type":"binary-expr","locations":[{"start":{"line":207,"column":59},"end":{"line":207,"column":69}},{"start":{"line":207,"column":73},"end":{"line":207,"column":74}}],"line":207},"33":{"loc":{"start":{"line":207,"column":79},"end":{"line":207,"column":108}},"type":"binary-expr","locations":[{"start":{"line":207,"column":79},"end":{"line":207,"column":103}},{"start":{"line":207,"column":107},"end":{"line":207,"column":108}}],"line":207},"34":{"loc":{"start":{"line":216,"column":19},"end":{"line":216,"column":34}},"type":"binary-expr","locations":[{"start":{"line":216,"column":19},"end":{"line":216,"column":29}},{"start":{"line":216,"column":33},"end":{"line":216,"column":34}}],"line":216},"35":{"loc":{"start":{"line":217,"column":18},"end":{"line":217,"column":39}},"type":"binary-expr","locations":[{"start":{"line":217,"column":18},"end":{"line":217,"column":34}},{"start":{"line":217,"column":38},"end":{"line":217,"column":39}}],"line":217},"36":{"loc":{"start":{"line":218,"column":26},"end":{"line":218,"column":55}},"type":"binary-expr","locations":[{"start":{"line":218,"column":26},"end":{"line":218,"column":50}},{"start":{"line":218,"column":54},"end":{"line":218,"column":55}}],"line":218}},"s":{"0":1,"1":1,"2":1,"3":1,"4":1,"5":1,"6":1,"7":1,"8":9,"9":9,"10":9,"11":9,"12":9,"13":6,"14":6,"15":4,"16":4,"17":4,"18":9,"19":1,"20":8,"21":1,"22":7,"23":1,"24":4,"25":0,"26":4,"27":4,"28":4,"29":4,"30":4,"31":4,"32":4,"33":4,"34":4,"35":4,"36":0,"37":4,"38":4,"39":8,"40":8,"41":5,"42":3,"43":2,"44":2,"45":0,"46":0,"47":0,"48":0,"49":2,"50":0,"51":2,"52":2,"53":2,"54":2,"55":2,"56":2,"57":2,"58":0,"59":8,"60":0,"61":0,"62":0,"63":0,"64":0,"65":0,"66":0,"67":0,"68":0,"69":0,"70":0,"71":0,"72":0,"73":0,"74":0,"75":8,"76":3,"77":4,"78":4,"79":8,"80":4,"81":8,"82":4,"83":1},"f":{"0":9,"1":4,"2":4,"3":0,"4":0,"5":0,"6":0,"7":8,"8":8},"b":{"0":[9,4],"1":[9,4],"2":[6,0],"3":[6,0],"4":[1,8],"5":[1,7],"6":[1,6],"7":[7,1,1],"8":[4,0],"9":[0,4],"10":[4,4],"11":[3,2],"12":[5,3],"13":[2,2],"14":[0,2],"15":[0,2],"16":[2,0,0],"17":[0,2],"18":[0,2],"19":[2,0],"20":[0,2],"21":[2,1,1],"22":[0,8],"23":[8,5],"24":[0,0],"25":[0,0],"26":[0,0,0],"27":[0,0],"28":[0,0],"29":[0,0],"30":[3,5],"31":[4,0],"32":[4,0],"33":[4,0],"34":[4,0],"35":[4,0],"36":[4,0]},"_coverageSchema":"1a1c01bbd47fc00a2c39e90264f33305004495a9","hash":"fd96ad309e4451ca026e61867607da5656a5b6c5"}
,"/home/ducksolucky/Desktop/SkyHelper-Networth/calculators/SkyBlockItemNetworthCalculator.js": {"path":"/home/ducksolucky/Desktop/SkyHelper-Networth/calculators/SkyBlockItemNetworthCalculator.js","statementMap":{"0":{"start":{"line":1,"column":24},"end":{"line":1,"column":62}},"1":{"start":{"line":2,"column":35},"end":{"line":2,"column":82}},"2":{"start":{"line":3,"column":17},"end":{"line":3,"column":46}},"3":{"start":{"line":4,"column":22},"end":{"line":4,"column":49}},"4":{"start":{"line":26,"column":8},"end":{"line":26,"column":73}},"5":{"start":{"line":35,"column":8},"end":{"line":35,"column":72}},"6":{"start":{"line":50,"column":8},"end":{"line":50,"column":39}},"7":{"start":{"line":51,"column":8},"end":{"line":51,"column":57}},"8":{"start":{"line":52,"column":8},"end":{"line":52,"column":61}},"9":{"start":{"line":53,"column":8},"end":{"line":53,"column":65}},"10":{"start":{"line":54,"column":8},"end":{"line":54,"column":65}},"11":{"start":{"line":57,"column":8},"end":{"line":57,"column":43}},"12":{"start":{"line":58,"column":8},"end":{"line":60,"column":9}},"13":{"start":{"line":59,"column":12},"end":{"line":59,"column":82}},"14":{"start":{"line":63,"column":8},"end":{"line":63,"column":34}},"15":{"start":{"line":65,"column":8},"end":{"line":80,"column":9}},"16":{"start":{"line":67,"column":28},"end":{"line":67,"column":41}},"17":{"start":{"line":69,"column":12},"end":{"line":71,"column":13}},"18":{"start":{"line":70,"column":16},"end":{"line":70,"column":25}},"19":{"start":{"line":74,"column":12},"end":{"line":76,"column":13}},"20":{"start":{"line":75,"column":16},"end":{"line":75,"column":25}},"21":{"start":{"line":79,"column":12},"end":{"line":79,"column":44}},"22":{"start":{"line":82,"column":8},"end":{"line":84,"column":9}},"23":{"start":{"line":83,"column":12},"end":{"line":83,"column":19}},"24":{"start":{"line":86,"column":21},"end":{"line":97,"column":9}},"25":{"start":{"line":98,"column":8},"end":{"line":98,"column":73}},"26":{"start":{"line":102,"column":0},"end":{"line":102,"column":48}}},"fnMap":{"0":{"name":"(anonymous_0)","decl":{"start":{"line":25,"column":4},"end":{"line":25,"column":5}},"loc":{"start":{"line":25,"column":31},"end":{"line":27,"column":5}},"line":25},"1":{"name":"(anonymous_1)","decl":{"start":{"line":34,"column":4},"end":{"line":34,"column":5}},"loc":{"start":{"line":34,"column":42},"end":{"line":36,"column":5}},"line":34}},"branchMap":{"0":{"loc":{"start":{"line":58,"column":8},"end":{"line":60,"column":9}},"type":"if","locations":[{"start":{"line":58,"column":8},"end":{"line":60,"column":9}},{"start":{},"end":{}}],"line":58},"1":{"loc":{"start":{"line":69,"column":12},"end":{"line":71,"column":13}},"type":"if","locations":[{"start":{"line":69,"column":12},"end":{"line":71,"column":13}},{"start":{},"end":{}}],"line":69},"2":{"loc":{"start":{"line":74,"column":12},"end":{"line":76,"column":13}},"type":"if","locations":[{"start":{"line":74,"column":12},"end":{"line":76,"column":13}},{"start":{},"end":{}}],"line":74},"3":{"loc":{"start":{"line":74,"column":16},"end":{"line":74,"column":100}},"type":"binary-expr","locations":[{"start":{"line":74,"column":16},"end":{"line":74,"column":56}},{"start":{"line":74,"column":60},"end":{"line":74,"column":80}},{"start":{"line":74,"column":84},"end":{"line":74,"column":100}}],"line":74},"4":{"loc":{"start":{"line":82,"column":8},"end":{"line":84,"column":9}},"type":"if","locations":[{"start":{"line":82,"column":8},"end":{"line":84,"column":9}},{"start":{},"end":{}}],"line":82},"5":{"loc":{"start":{"line":82,"column":12},"end":{"line":82,"column":49}},"type":"binary-expr","locations":[{"start":{"line":82,"column":12},"end":{"line":82,"column":29}},{"start":{"line":82,"column":33},"end":{"line":82,"column":49}}],"line":82},"6":{"loc":{"start":{"line":94,"column":19},"end":{"line":94,"column":43}},"type":"binary-expr","locations":[{"start":{"line":94,"column":19},"end":{"line":94,"column":38}},{"start":{"line":94,"column":42},"end":{"line":94,"column":43}}],"line":94},"7":{"loc":{"start":{"line":98,"column":15},"end":{"line":98,"column":72}},"type":"cond-expr","locations":[{"start":{"line":98,"column":33},"end":{"line":98,"column":65}},{"start":{"line":98,"column":68},"end":{"line":98,"column":72}}],"line":98}},"s":{"0":2,"1":2,"2":2,"3":2,"4":13,"5":3,"6":16,"7":16,"8":16,"9":16,"10":16,"11":16,"12":16,"13":13,"14":15,"15":15,"16":79,"17":79,"18":66,"19":13,"20":0,"21":13,"22":15,"23":1,"24":14,"25":12,"26":2},"f":{"0":13,"1":3},"b":{"0":[13,3],"1":[66,13],"2":[0,13],"3":[13,0,0],"4":[1,14],"5":[15,1],"6":[12,1],"7":[3,9]},"_coverageSchema":"1a1c01bbd47fc00a2c39e90264f33305004495a9","hash":"8a51c4d8f39badfb714028fe71ee74934d85d68e"}
,"/home/ducksolucky/Desktop/SkyHelper-Networth/calculators/handlers/ArtOfPeace.js": {"path":"/home/ducksolucky/Desktop/SkyHelper-Networth/calculators/handlers/ArtOfPeace.js","statementMap":{"0":{"start":{"line":1,"column":30},"end":{"line":1,"column":73}},"1":{"start":{"line":13,"column":8},"end":{"line":13,"column":58}},"2":{"start":{"line":22,"column":32},"end":{"line":27,"column":9}},"3":{"start":{"line":28,"column":8},"end":{"line":28,"column":44}},"4":{"start":{"line":29,"column":8},"end":{"line":29,"column":47}},"5":{"start":{"line":33,"column":0},"end":{"line":33,"column":35}}},"fnMap":{"0":{"name":"(anonymous_0)","decl":{"start":{"line":12,"column":4},"end":{"line":12,"column":5}},"loc":{"start":{"line":12,"column":18},"end":{"line":14,"column":5}},"line":12},"1":{"name":"(anonymous_1)","decl":{"start":{"line":21,"column":4},"end":{"line":21,"column":5}},"loc":{"start":{"line":21,"column":28},"end":{"line":30,"column":5}},"line":21}},"branchMap":{"0":{"loc":{"start":{"line":25,"column":20},"end":{"line":25,"column":51}},"type":"binary-expr","locations":[{"start":{"line":25,"column":20},"end":{"line":25,"column":46}},{"start":{"line":25,"column":50},"end":{"line":25,"column":51}}],"line":25}},"s":{"0":2,"1":4,"2":1,"3":1,"4":1,"5":2},"f":{"0":4,"1":1},"b":{"0":[1,0]},"_coverageSchema":"1a1c01bbd47fc00a2c39e90264f33305004495a9","hash":"e8715e26baf633ce58fa65538537f94998072578"}
,"/home/ducksolucky/Desktop/SkyHelper-Networth/calculators/handlers/ArtOfWar.js": {"path":"/home/ducksolucky/Desktop/SkyHelper-Networth/calculators/handlers/ArtOfWar.js","statementMap":{"0":{"start":{"line":1,"column":30},"end":{"line":1,"column":73}},"1":{"start":{"line":13,"column":8},"end":{"line":13,"column":57}},"2":{"start":{"line":22,"column":30},"end":{"line":22,"column":75}},"3":{"start":{"line":24,"column":32},"end":{"line":29,"column":9}},"4":{"start":{"line":30,"column":8},"end":{"line":30,"column":44}},"5":{"start":{"line":31,"column":8},"end":{"line":31,"column":47}},"6":{"start":{"line":35,"column":0},"end":{"line":35,"column":33}}},"fnMap":{"0":{"name":"(anonymous_0)","decl":{"start":{"line":12,"column":4},"end":{"line":12,"column":5}},"loc":{"start":{"line":12,"column":18},"end":{"line":14,"column":5}},"line":12},"1":{"name":"(anonymous_1)","decl":{"start":{"line":21,"column":4},"end":{"line":21,"column":5}},"loc":{"start":{"line":21,"column":28},"end":{"line":32,"column":5}},"line":21}},"branchMap":{"0":{"loc":{"start":{"line":27,"column":20},"end":{"line":27,"column":49}},"type":"binary-expr","locations":[{"start":{"line":27,"column":20},"end":{"line":27,"column":44}},{"start":{"line":27,"column":48},"end":{"line":27,"column":49}}],"line":27}},"s":{"0":2,"1":4,"2":1,"3":1,"4":1,"5":1,"6":2},"f":{"0":4,"1":1},"b":{"0":[1,0]},"_coverageSchema":"1a1c01bbd47fc00a2c39e90264f33305004495a9","hash":"391e96f245dbde77b984e61011c199edd02de57d"}
,"/home/ducksolucky/Desktop/SkyHelper-Networth/calculators/handlers/Attributes.js": {"path":"/home/ducksolucky/Desktop/SkyHelper-Networth/calculators/handlers/Attributes.js","statementMap":{"0":{"start":{"line":1,"column":30},"end":{"line":1,"column":73}},"1":{"start":{"line":2,"column":33},"end":{"line":2,"column":64}},"2":{"start":{"line":14,"column":8},"end":{"line":14,"column":47}},"3":{"start":{"line":23,"column":8},"end":{"line":56,"column":9}},"4":{"start":{"line":24,"column":12},"end":{"line":24,"column":37}},"5":{"start":{"line":24,"column":28},"end":{"line":24,"column":37}},"6":{"start":{"line":25,"column":34},"end":{"line":25,"column":57}},"7":{"start":{"line":27,"column":27},"end":{"line":27,"column":46}},"8":{"start":{"line":28,"column":37},"end":{"line":28,"column":79}},"9":{"start":{"line":29,"column":12},"end":{"line":44,"column":13}},"10":{"start":{"line":30,"column":16},"end":{"line":30,"column":79}},"11":{"start":{"line":31,"column":19},"end":{"line":44,"column":13}},"12":{"start":{"line":35,"column":16},"end":{"line":35,"column":78}},"13":{"start":{"line":36,"column":19},"end":{"line":44,"column":13}},"14":{"start":{"line":37,"column":37},"end":{"line":41,"column":34}},"15":{"start":{"line":41,"column":32},"end":{"line":41,"column":33}},"16":{"start":{"line":42,"column":36},"end":{"line":42,"column":97}},"17":{"start":{"line":42,"column":66},"end":{"line":42,"column":71}},"18":{"start":{"line":43,"column":16},"end":{"line":43,"column":127}},"19":{"start":{"line":43,"column":94},"end":{"line":43,"column":127}},"20":{"start":{"line":45,"column":12},"end":{"line":45,"column":46}},"21":{"start":{"line":45,"column":37},"end":{"line":45,"column":46}},"22":{"start":{"line":46,"column":35},"end":{"line":46,"column":93}},"23":{"start":{"line":48,"column":12},"end":{"line":48,"column":41}},"24":{"start":{"line":49,"column":12},"end":{"line":55,"column":15}},"25":{"start":{"line":60,"column":0},"end":{"line":60,"column":35}}},"fnMap":{"0":{"name":"(anonymous_0)","decl":{"start":{"line":13,"column":4},"end":{"line":13,"column":5}},"loc":{"start":{"line":13,"column":18},"end":{"line":15,"column":5}},"line":13},"1":{"name":"(anonymous_1)","decl":{"start":{"line":22,"column":4},"end":{"line":22,"column":5}},"loc":{"start":{"line":22,"column":28},"end":{"line":57,"column":5}},"line":22},"2":{"name":"(anonymous_2)","decl":{"start":{"line":41,"column":25},"end":{"line":41,"column":26}},"loc":{"start":{"line":41,"column":32},"end":{"line":41,"column":33}},"line":41},"3":{"name":"(anonymous_3)","decl":{"start":{"line":42,"column":56},"end":{"line":42,"column":57}},"loc":{"start":{"line":42,"column":66},"end":{"line":42,"column":71}},"line":42}},"branchMap":{"0":{"loc":{"start":{"line":24,"column":12},"end":{"line":24,"column":37}},"type":"if","locations":[{"start":{"line":24,"column":12},"end":{"line":24,"column":37}},{"start":{},"end":{}}],"line":24},"1":{"loc":{"start":{"line":29,"column":12},"end":{"line":44,"column":13}},"type":"if","locations":[{"start":{"line":29,"column":12},"end":{"line":44,"column":13}},{"start":{"line":31,"column":19},"end":{"line":44,"column":13}}],"line":29},"2":{"loc":{"start":{"line":29,"column":16},"end":{"line":29,"column":115}},"type":"binary-expr","locations":[{"start":{"line":29,"column":16},"end":{"line":29,"column":49}},{"start":{"line":29,"column":53},"end":{"line":29,"column":115}}],"line":29},"3":{"loc":{"start":{"line":31,"column":19},"end":{"line":44,"column":13}},"type":"if","locations":[{"start":{"line":31,"column":19},"end":{"line":44,"column":13}},{"start":{"line":36,"column":19},"end":{"line":44,"column":13}}],"line":31},"4":{"loc":{"start":{"line":32,"column":16},"end":{"line":33,"column":77}},"type":"binary-expr","locations":[{"start":{"line":32,"column":16},"end":{"line":32,"column":115}},{"start":{"line":33,"column":16},"end":{"line":33,"column":77}}],"line":32},"5":{"loc":{"start":{"line":36,"column":19},"end":{"line":44,"column":13}},"type":"if","locations":[{"start":{"line":36,"column":19},"end":{"line":44,"column":13}},{"start":{},"end":{}}],"line":36},"6":{"loc":{"start":{"line":43,"column":16},"end":{"line":43,"column":127}},"type":"if","locations":[{"start":{"line":43,"column":16},"end":{"line":43,"column":127}},{"start":{},"end":{}}],"line":43},"7":{"loc":{"start":{"line":43,"column":20},"end":{"line":43,"column":92}},"type":"binary-expr","locations":[{"start":{"line":43,"column":20},"end":{"line":43,"column":31}},{"start":{"line":43,"column":36},"end":{"line":43,"column":55}},{"start":{"line":43,"column":59},"end":{"line":43,"column":91}}],"line":43},"8":{"loc":{"start":{"line":45,"column":12},"end":{"line":45,"column":46}},"type":"if","locations":[{"start":{"line":45,"column":12},"end":{"line":45,"column":46}},{"start":{},"end":{}}],"line":45}},"s":{"0":1,"1":1,"2":2,"3":0,"4":0,"5":0,"6":0,"7":0,"8":0,"9":0,"10":0,"11":0,"12":0,"13":0,"14":0,"15":0,"16":0,"17":0,"18":0,"19":0,"20":0,"21":0,"22":0,"23":0,"24":0,"25":1},"f":{"0":2,"1":0,"2":0,"3":0},"b":{"0":[0,0],"1":[0,0],"2":[0,0],"3":[0,0],"4":[0,0],"5":[0,0],"6":[0,0],"7":[0,0,0],"8":[0,0]},"_coverageSchema":"1a1c01bbd47fc00a2c39e90264f33305004495a9","hash":"822443cc23e1072c90fd265a7ddb65358bb18a65"}
,"/home/ducksolucky/Desktop/SkyHelper-Networth/calculators/handlers/DivanPowderCoating.js": {"path":"/home/ducksolucky/Desktop/SkyHelper-Networth/calculators/handlers/DivanPowderCoating.js","statementMap":{"0":{"start":{"line":1,"column":30},"end":{"line":1,"column":73}},"1":{"start":{"line":13,"column":8},"end":{"line":13,"column":57}},"2":{"start":{"line":22,"column":32},"end":{"line":27,"column":9}},"3":{"start":{"line":28,"column":8},"end":{"line":28,"column":44}},"4":{"start":{"line":29,"column":8},"end":{"line":29,"column":47}},"5":{"start":{"line":33,"column":0},"end":{"line":33,"column":43}}},"fnMap":{"0":{"name":"(anonymous_0)","decl":{"start":{"line":12,"column":4},"end":{"line":12,"column":5}},"loc":{"start":{"line":12,"column":18},"end":{"line":14,"column":5}},"line":12},"1":{"name":"(anonymous_1)","decl":{"start":{"line":21,"column":4},"end":{"line":21,"column":5}},"loc":{"start":{"line":21,"column":28},"end":{"line":30,"column":5}},"line":21}},"branchMap":{"0":{"loc":{"start":{"line":25,"column":20},"end":{"line":25,"column":55}},"type":"binary-expr","locations":[{"start":{"line":25,"column":20},"end":{"line":25,"column":50}},{"start":{"line":25,"column":54},"end":{"line":25,"column":55}}],"line":25}},"s":{"0":1,"1":2,"2":0,"3":0,"4":0,"5":1},"f":{"0":2,"1":0},"b":{"0":[0,0]},"_coverageSchema":"1a1c01bbd47fc00a2c39e90264f33305004495a9","hash":"67916ed6f2dac8bee72df7afee18c53f8378d259"}
,"/home/ducksolucky/Desktop/SkyHelper-Networth/calculators/handlers/DrillParts.js": {"path":"/home/ducksolucky/Desktop/SkyHelper-Networth/calculators/handlers/DrillParts.js","statementMap":{"0":{"start":{"line":1,"column":30},"end":{"line":1,"column":73}},"1":{"start":{"line":3,"column":23},"end":{"line":3,"column":97}},"2":{"start":{"line":15,"column":8},"end":{"line":15,"column":95}},"3":{"start":{"line":15,"column":45},"end":{"line":15,"column":93}},"4":{"start":{"line":24,"column":8},"end":{"line":35,"column":9}},"5":{"start":{"line":25,"column":12},"end":{"line":34,"column":13}},"6":{"start":{"line":26,"column":40},"end":{"line":31,"column":17}},"7":{"start":{"line":32,"column":16},"end":{"line":32,"column":52}},"8":{"start":{"line":33,"column":16},"end":{"line":33,"column":55}},"9":{"start":{"line":39,"column":0},"end":{"line":39,"column":35}}},"fnMap":{"0":{"name":"(anonymous_0)","decl":{"start":{"line":14,"column":4},"end":{"line":14,"column":5}},"loc":{"start":{"line":14,"column":18},"end":{"line":16,"column":5}},"line":14},"1":{"name":"(anonymous_1)","decl":{"start":{"line":15,"column":35},"end":{"line":15,"column":36}},"loc":{"start":{"line":15,"column":45},"end":{"line":15,"column":93}},"line":15},"2":{"name":"(anonymous_2)","decl":{"start":{"line":23,"column":4},"end":{"line":23,"column":5}},"loc":{"start":{"line":23,"column":28},"end":{"line":36,"column":5}},"line":23}},"branchMap":{"0":{"loc":{"start":{"line":25,"column":12},"end":{"line":34,"column":13}},"type":"if","locations":[{"start":{"line":25,"column":12},"end":{"line":34,"column":13}},{"start":{},"end":{}}],"line":25},"1":{"loc":{"start":{"line":29,"column":28},"end":{"line":29,"column":81}},"type":"binary-expr","locations":[{"start":{"line":29,"column":28},"end":{"line":29,"column":76}},{"start":{"line":29,"column":80},"end":{"line":29,"column":81}}],"line":29}},"s":{"0":1,"1":1,"2":2,"3":6,"4":0,"5":0,"6":0,"7":0,"8":0,"9":1},"f":{"0":2,"1":6,"2":0},"b":{"0":[0,0],"1":[0,0]},"_coverageSchema":"1a1c01bbd47fc00a2c39e90264f33305004495a9","hash":"a4fba4d3ce55e6c16452f0ca4084be2d4775b96f"}
,"/home/ducksolucky/Desktop/SkyHelper-Networth/calculators/handlers/Dye.js": {"path":"/home/ducksolucky/Desktop/SkyHelper-Networth/calculators/handlers/Dye.js","statementMap":{"0":{"start":{"line":1,"column":30},"end":{"line":1,"column":73}},"1":{"start":{"line":12,"column":8},"end":{"line":12,"column":20}},"2":{"start":{"line":21,"column":8},"end":{"line":21,"column":45}},"3":{"start":{"line":30,"column":32},"end":{"line":35,"column":9}},"4":{"start":{"line":36,"column":8},"end":{"line":36,"column":44}},"5":{"start":{"line":37,"column":8},"end":{"line":37,"column":47}},"6":{"start":{"line":41,"column":0},"end":{"line":41,"column":28}}},"fnMap":{"0":{"name":"(anonymous_0)","decl":{"start":{"line":11,"column":4},"end":{"line":11,"column":5}},"loc":{"start":{"line":11,"column":17},"end":{"line":13,"column":5}},"line":11},"1":{"name":"(anonymous_1)","decl":{"start":{"line":20,"column":4},"end":{"line":20,"column":5}},"loc":{"start":{"line":20,"column":18},"end":{"line":22,"column":5}},"line":20},"2":{"name":"(anonymous_2)","decl":{"start":{"line":29,"column":4},"end":{"line":29,"column":5}},"loc":{"start":{"line":29,"column":28},"end":{"line":38,"column":5}},"line":29}},"branchMap":{"0":{"loc":{"start":{"line":33,"column":20},"end":{"line":33,"column":76}},"type":"binary-expr","locations":[{"start":{"line":33,"column":20},"end":{"line":33,"column":71}},{"start":{"line":33,"column":75},"end":{"line":33,"column":76}}],"line":33}},"s":{"0":1,"1":0,"2":2,"3":0,"4":0,"5":0,"6":1},"f":{"0":0,"1":2,"2":0},"b":{"0":[0,0]},"_coverageSchema":"1a1c01bbd47fc00a2c39e90264f33305004495a9","hash":"955225e9eb0bb3410988c15b83d1a765a4dee293"}
,"/home/ducksolucky/Desktop/SkyHelper-Networth/calculators/handlers/EnchantedBook.js": {"path":"/home/ducksolucky/Desktop/SkyHelper-Networth/calculators/handlers/EnchantedBook.js","statementMap":{"0":{"start":{"line":1,"column":30},"end":{"line":1,"column":73}},"1":{"start":{"line":2,"column":38},"end":{"line":2,"column":69}},"2":{"start":{"line":3,"column":22},"end":{"line":3,"column":55}},"3":{"start":{"line":15,"column":8},"end":{"line":15,"column":85}},"4":{"start":{"line":25,"column":8},"end":{"line":51,"column":9}},"5":{"start":{"line":26,"column":34},"end":{"line":26,"column":86}},"6":{"start":{"line":28,"column":36},"end":{"line":33,"column":13}},"7":{"start":{"line":34,"column":12},"end":{"line":34,"column":47}},"8":{"start":{"line":35,"column":12},"end":{"line":35,"column":51}},"9":{"start":{"line":36,"column":12},"end":{"line":36,"column":98}},"10":{"start":{"line":39,"column":35},"end":{"line":39,"column":36}},"11":{"start":{"line":40,"column":12},"end":{"line":49,"column":13}},"12":{"start":{"line":41,"column":40},"end":{"line":46,"column":17}},"13":{"start":{"line":47,"column":16},"end":{"line":47,"column":58}},"14":{"start":{"line":48,"column":16},"end":{"line":48,"column":55}},"15":{"start":{"line":50,"column":12},"end":{"line":50,"column":42}},"16":{"start":{"line":55,"column":0},"end":{"line":55,"column":38}}},"fnMap":{"0":{"name":"(anonymous_0)","decl":{"start":{"line":14,"column":4},"end":{"line":14,"column":5}},"loc":{"start":{"line":14,"column":18},"end":{"line":16,"column":5}},"line":14},"1":{"name":"(anonymous_1)","decl":{"start":{"line":23,"column":4},"end":{"line":23,"column":5}},"loc":{"start":{"line":23,"column":28},"end":{"line":52,"column":5}},"line":23}},"branchMap":{"0":{"loc":{"start":{"line":15,"column":15},"end":{"line":15,"column":84}},"type":"binary-expr","locations":[{"start":{"line":15,"column":15},"end":{"line":15,"column":47}},{"start":{"line":15,"column":51},"end":{"line":15,"column":84}}],"line":15},"1":{"loc":{"start":{"line":25,"column":8},"end":{"line":51,"column":9}},"type":"if","locations":[{"start":{"line":25,"column":8},"end":{"line":51,"column":9}},{"start":{"line":37,"column":15},"end":{"line":51,"column":9}}],"line":25},"2":{"loc":{"start":{"line":31,"column":23},"end":{"line":31,"column":80}},"type":"binary-expr","locations":[{"start":{"line":31,"column":23},"end":{"line":31,"column":75}},{"start":{"line":31,"column":79},"end":{"line":31,"column":80}}],"line":31},"3":{"loc":{"start":{"line":36,"column":28},"end":{"line":36,"column":97}},"type":"binary-expr","locations":[{"start":{"line":36,"column":28},"end":{"line":36,"column":59}},{"start":{"line":36,"column":63},"end":{"line":36,"column":97}}],"line":36},"4":{"loc":{"start":{"line":44,"column":28},"end":{"line":44,"column":85}},"type":"binary-expr","locations":[{"start":{"line":44,"column":28},"end":{"line":44,"column":80}},{"start":{"line":44,"column":84},"end":{"line":44,"column":85}}],"line":44}},"s":{"0":1,"1":1,"2":1,"3":2,"4":0,"5":0,"6":0,"7":0,"8":0,"9":0,"10":0,"11":0,"12":0,"13":0,"14":0,"15":0,"16":1},"f":{"0":2,"1":0},"b":{"0":[2,0],"1":[0,0],"2":[0,0],"3":[0,0],"4":[0,0]},"_coverageSchema":"1a1c01bbd47fc00a2c39e90264f33305004495a9","hash":"6ba2aa40f06196e1a23b50dd8cfb6a5b9750a851"}
,"/home/ducksolucky/Desktop/SkyHelper-Networth/calculators/handlers/Enrichment.js": {"path":"/home/ducksolucky/Desktop/SkyHelper-Networth/calculators/handlers/Enrichment.js","statementMap":{"0":{"start":{"line":1,"column":30},"end":{"line":1,"column":73}},"1":{"start":{"line":2,"column":24},"end":{"line":2,"column":55}},"2":{"start":{"line":14,"column":8},"end":{"line":14,"column":56}},"3":{"start":{"line":23,"column":32},"end":{"line":23,"column":107}},"4":{"start":{"line":23,"column":65},"end":{"line":23,"column":96}},"5":{"start":{"line":24,"column":8},"end":{"line":33,"column":9}},"6":{"start":{"line":25,"column":36},"end":{"line":30,"column":13}},"7":{"start":{"line":31,"column":12},"end":{"line":31,"column":48}},"8":{"start":{"line":32,"column":12},"end":{"line":32,"column":51}},"9":{"start":{"line":37,"column":0},"end":{"line":37,"column":35}}},"fnMap":{"0":{"name":"(anonymous_0)","decl":{"start":{"line":13,"column":4},"end":{"line":13,"column":5}},"loc":{"start":{"line":13,"column":18},"end":{"line":15,"column":5}},"line":13},"1":{"name":"(anonymous_1)","decl":{"start":{"line":22,"column":4},"end":{"line":22,"column":5}},"loc":{"start":{"line":22,"column":28},"end":{"line":34,"column":5}},"line":22},"2":{"name":"(anonymous_2)","decl":{"start":{"line":23,"column":51},"end":{"line":23,"column":52}},"loc":{"start":{"line":23,"column":65},"end":{"line":23,"column":96}},"line":23}},"branchMap":{"0":{"loc":{"start":{"line":23,"column":79},"end":{"line":23,"column":95}},"type":"binary-expr","locations":[{"start":{"line":23,"column":79},"end":{"line":23,"column":90}},{"start":{"line":23,"column":94},"end":{"line":23,"column":95}}],"line":23},"1":{"loc":{"start":{"line":24,"column":8},"end":{"line":33,"column":9}},"type":"if","locations":[{"start":{"line":24,"column":8},"end":{"line":33,"column":9}},{"start":{},"end":{}}],"line":24}},"s":{"0":1,"1":1,"2":2,"3":0,"4":0,"5":0,"6":0,"7":0,"8":0,"9":1},"f":{"0":2,"1":0,"2":0},"b":{"0":[0,0],"1":[0,0]},"_coverageSchema":"1a1c01bbd47fc00a2c39e90264f33305004495a9","hash":"ade0b709d1ce0315aee758af635050d708edc219"}
,"/home/ducksolucky/Desktop/SkyHelper-Networth/calculators/handlers/EssenceStars.js": {"path":"/home/ducksolucky/Desktop/SkyHelper-Networth/calculators/handlers/EssenceStars.js","statementMap":{"0":{"start":{"line":1,"column":22},"end":{"line":1,"column":58}},"1":{"start":{"line":13,"column":33},"end":{"line":13,"column":119}},"2":{"start":{"line":14,"column":29},"end":{"line":14,"column":110}},"3":{"start":{"line":15,"column":8},"end":{"line":15,"column":94}},"4":{"start":{"line":24,"column":33},"end":{"line":24,"column":119}},"5":{"start":{"line":25,"column":29},"end":{"line":25,"column":110}},"6":{"start":{"line":26,"column":22},"end":{"line":26,"column":62}},"7":{"start":{"line":27,"column":8},"end":{"line":27,"column":111}},"8":{"start":{"line":31,"column":0},"end":{"line":31,"column":37}}},"fnMap":{"0":{"name":"(anonymous_0)","decl":{"start":{"line":12,"column":4},"end":{"line":12,"column":5}},"loc":{"start":{"line":12,"column":18},"end":{"line":16,"column":5}},"line":12},"1":{"name":"(anonymous_1)","decl":{"start":{"line":23,"column":4},"end":{"line":23,"column":5}},"loc":{"start":{"line":23,"column":28},"end":{"line":28,"column":5}},"line":23}},"branchMap":{"0":{"loc":{"start":{"line":13,"column":43},"end":{"line":13,"column":87}},"type":"binary-expr","locations":[{"start":{"line":13,"column":43},"end":{"line":13,"column":82}},{"start":{"line":13,"column":86},"end":{"line":13,"column":87}}],"line":13},"1":{"loc":{"start":{"line":14,"column":39},"end":{"line":14,"column":78}},"type":"binary-expr","locations":[{"start":{"line":14,"column":39},"end":{"line":14,"column":73}},{"start":{"line":14,"column":77},"end":{"line":14,"column":78}}],"line":14},"2":{"loc":{"start":{"line":15,"column":15},"end":{"line":15,"column":93}},"type":"binary-expr","locations":[{"start":{"line":15,"column":15},"end":{"line":15,"column":47}},{"start":{"line":15,"column":52},"end":{"line":15,"column":72}},{"start":{"line":15,"column":76},"end":{"line":15,"column":92}}],"line":15},"3":{"loc":{"start":{"line":24,"column":43},"end":{"line":24,"column":87}},"type":"binary-expr","locations":[{"start":{"line":24,"column":43},"end":{"line":24,"column":82}},{"start":{"line":24,"column":86},"end":{"line":24,"column":87}}],"line":24},"4":{"loc":{"start":{"line":25,"column":39},"end":{"line":25,"column":78}},"type":"binary-expr","locations":[{"start":{"line":25,"column":39},"end":{"line":25,"column":73}},{"start":{"line":25,"column":77},"end":{"line":25,"column":78}}],"line":25}},"s":{"0":1,"1":2,"2":2,"3":2,"4":0,"5":0,"6":0,"7":0,"8":1},"f":{"0":2,"1":0},"b":{"0":[2,2],"1":[2,2],"2":[2,0,0],"3":[0,0],"4":[0,0]},"_coverageSchema":"1a1c01bbd47fc00a2c39e90264f33305004495a9","hash":"6dae6a90cbbf2e3ac3770a38f1387fb76ee48bb1"}
,"/home/ducksolucky/Desktop/SkyHelper-Networth/calculators/handlers/EtherwarpConduit.js": {"path":"/home/ducksolucky/Desktop/SkyHelper-Networth/calculators/handlers/EtherwarpConduit.js","statementMap":{"0":{"start":{"line":1,"column":30},"end":{"line":1,"column":73}},"1":{"start":{"line":13,"column":8},"end":{"line":13,"column":47}},"2":{"start":{"line":22,"column":32},"end":{"line":27,"column":9}},"3":{"start":{"line":29,"column":8},"end":{"line":29,"column":44}},"4":{"start":{"line":30,"column":8},"end":{"line":30,"column":47}},"5":{"start":{"line":34,"column":0},"end":{"line":34,"column":41}}},"fnMap":{"0":{"name":"(anonymous_0)","decl":{"start":{"line":12,"column":4},"end":{"line":12,"column":5}},"loc":{"start":{"line":12,"column":18},"end":{"line":14,"column":5}},"line":12},"1":{"name":"(anonymous_1)","decl":{"start":{"line":21,"column":4},"end":{"line":21,"column":5}},"loc":{"start":{"line":21,"column":28},"end":{"line":31,"column":5}},"line":21}},"branchMap":{"0":{"loc":{"start":{"line":25,"column":20},"end":{"line":25,"column":52}},"type":"binary-expr","locations":[{"start":{"line":25,"column":20},"end":{"line":25,"column":47}},{"start":{"line":25,"column":51},"end":{"line":25,"column":52}}],"line":25}},"s":{"0":1,"1":2,"2":0,"3":0,"4":0,"5":1},"f":{"0":2,"1":0},"b":{"0":[0,0]},"_coverageSchema":"1a1c01bbd47fc00a2c39e90264f33305004495a9","hash":"22b3979f98fadefc0965674eedb6f12867d96300"}
,"/home/ducksolucky/Desktop/SkyHelper-Networth/calculators/handlers/FarmingForDummies.js": {"path":"/home/ducksolucky/Desktop/SkyHelper-Networth/calculators/handlers/FarmingForDummies.js","statementMap":{"0":{"start":{"line":1,"column":30},"end":{"line":1,"column":73}},"1":{"start":{"line":13,"column":8},"end":{"line":13,"column":62}},"2":{"start":{"line":22,"column":32},"end":{"line":27,"column":9}},"3":{"start":{"line":28,"column":8},"end":{"line":28,"column":44}},"4":{"start":{"line":29,"column":8},"end":{"line":29,"column":47}},"5":{"start":{"line":33,"column":0},"end":{"line":33,"column":42}}},"fnMap":{"0":{"name":"(anonymous_0)","decl":{"start":{"line":12,"column":4},"end":{"line":12,"column":5}},"loc":{"start":{"line":12,"column":18},"end":{"line":14,"column":5}},"line":12},"1":{"name":"(anonymous_1)","decl":{"start":{"line":21,"column":4},"end":{"line":21,"column":5}},"loc":{"start":{"line":21,"column":28},"end":{"line":30,"column":5}},"line":21}},"branchMap":{"0":{"loc":{"start":{"line":25,"column":20},"end":{"line":25,"column":54}},"type":"binary-expr","locations":[{"start":{"line":25,"column":20},"end":{"line":25,"column":49}},{"start":{"line":25,"column":53},"end":{"line":25,"column":54}}],"line":25}},"s":{"0":1,"1":2,"2":0,"3":0,"4":0,"5":1},"f":{"0":2,"1":0},"b":{"0":[0,0]},"_coverageSchema":"1a1c01bbd47fc00a2c39e90264f33305004495a9","hash":"2edeb92ea651a1374246767fb33185f3e4c80ce9"}
,"/home/ducksolucky/Desktop/SkyHelper-Networth/calculators/handlers/GemstonePowerScroll.js": {"path":"/home/ducksolucky/Desktop/SkyHelper-Networth/calculators/handlers/GemstonePowerScroll.js","statementMap":{"0":{"start":{"line":1,"column":30},"end":{"line":1,"column":73}},"1":{"start":{"line":13,"column":8},"end":{"line":13,"column":57}},"2":{"start":{"line":22,"column":32},"end":{"line":27,"column":9}},"3":{"start":{"line":28,"column":8},"end":{"line":28,"column":44}},"4":{"start":{"line":29,"column":8},"end":{"line":29,"column":47}},"5":{"start":{"line":33,"column":0},"end":{"line":33,"column":44}}},"fnMap":{"0":{"name":"(anonymous_0)","decl":{"start":{"line":12,"column":4},"end":{"line":12,"column":5}},"loc":{"start":{"line":12,"column":18},"end":{"line":14,"column":5}},"line":12},"1":{"name":"(anonymous_1)","decl":{"start":{"line":21,"column":4},"end":{"line":21,"column":5}},"loc":{"start":{"line":21,"column":28},"end":{"line":30,"column":5}},"line":21}},"branchMap":{"0":{"loc":{"start":{"line":25,"column":20},"end":{"line":25,"column":74}},"type":"binary-expr","locations":[{"start":{"line":25,"column":20},"end":{"line":25,"column":69}},{"start":{"line":25,"column":73},"end":{"line":25,"column":74}}],"line":25}},"s":{"0":1,"1":2,"2":0,"3":0,"4":0,"5":1},"f":{"0":2,"1":0},"b":{"0":[0,0]},"_coverageSchema":"1a1c01bbd47fc00a2c39e90264f33305004495a9","hash":"e1d8390d9e0800bc39b1d24e49f669f44c214701"}
,"/home/ducksolucky/Desktop/SkyHelper-Networth/calculators/handlers/Gemstones.js": {"path":"/home/ducksolucky/Desktop/SkyHelper-Networth/calculators/handlers/Gemstones.js","statementMap":{"0":{"start":{"line":1,"column":30},"end":{"line":1,"column":73}},"1":{"start":{"line":2,"column":27},"end":{"line":2,"column":58}},"2":{"start":{"line":14,"column":8},"end":{"line":14,"column":78}},"3":{"start":{"line":23,"column":28},"end":{"line":23,"column":30}},"4":{"start":{"line":24,"column":19},"end":{"line":24,"column":21}},"5":{"start":{"line":26,"column":8},"end":{"line":55,"column":9}},"6":{"start":{"line":27,"column":12},"end":{"line":27,"column":68}},"7":{"start":{"line":28,"column":12},"end":{"line":28,"column":50}},"8":{"start":{"line":30,"column":40},"end":{"line":30,"column":93}},"9":{"start":{"line":31,"column":12},"end":{"line":54,"column":15}},"10":{"start":{"line":32,"column":16},"end":{"line":40,"column":17}},"11":{"start":{"line":33,"column":20},"end":{"line":39,"column":21}},"12":{"start":{"line":34,"column":24},"end":{"line":38,"column":25}},"13":{"start":{"line":35,"column":28},"end":{"line":35,"column":63}},"14":{"start":{"line":36,"column":28},"end":{"line":36,"column":88}},"15":{"start":{"line":37,"column":28},"end":{"line":37,"column":34}},"16":{"start":{"line":41,"column":16},"end":{"line":41,"column":68}},"17":{"start":{"line":41,"column":33},"end":{"line":41,"column":68}},"18":{"start":{"line":42,"column":28},"end":{"line":42,"column":125}},"19":{"start":{"line":42,"column":73},"end":{"line":42,"column":124}},"20":{"start":{"line":43,"column":16},"end":{"line":53,"column":17}},"21":{"start":{"line":44,"column":33},"end":{"line":44,"column":125}},"22":{"start":{"line":45,"column":20},"end":{"line":49,"column":23}},"23":{"start":{"line":51,"column":20},"end":{"line":51,"column":52}},"24":{"start":{"line":52,"column":20},"end":{"line":52,"column":110}},"25":{"start":{"line":52,"column":75},"end":{"line":52,"column":110}},"26":{"start":{"line":59,"column":30},"end":{"line":59,"column":92}},"27":{"start":{"line":60,"column":31},"end":{"line":60,"column":161}},"28":{"start":{"line":61,"column":8},"end":{"line":88,"column":9}},"29":{"start":{"line":62,"column":32},"end":{"line":62,"column":116}},"30":{"start":{"line":63,"column":12},"end":{"line":87,"column":13}},"31":{"start":{"line":64,"column":38},"end":{"line":64,"column":98}},"32":{"start":{"line":65,"column":16},"end":{"line":86,"column":17}},"33":{"start":{"line":66,"column":33},"end":{"line":66,"column":88}},"34":{"start":{"line":66,"column":59},"end":{"line":66,"column":87}},"35":{"start":{"line":67,"column":38},"end":{"line":67,"column":98}},"36":{"start":{"line":67,"column":69},"end":{"line":67,"column":97}},"37":{"start":{"line":68,"column":20},"end":{"line":85,"column":21}},"38":{"start":{"line":69,"column":36},"end":{"line":69,"column":37}},"39":{"start":{"line":70,"column":24},"end":{"line":73,"column":25}},"40":{"start":{"line":71,"column":28},"end":{"line":72,"column":124}},"41":{"start":{"line":71,"column":55},"end":{"line":71,"column":75}},"42":{"start":{"line":72,"column":33},"end":{"line":72,"column":124}},"43":{"start":{"line":72,"column":59},"end":{"line":72,"column":124}},"44":{"start":{"line":75,"column":48},"end":{"line":80,"column":25}},"45":{"start":{"line":81,"column":24},"end":{"line":81,"column":60}},"46":{"start":{"line":82,"column":24},"end":{"line":82,"column":63}},"47":{"start":{"line":84,"column":24},"end":{"line":84,"column":59}},"48":{"start":{"line":91,"column":8},"end":{"line":100,"column":9}},"49":{"start":{"line":92,"column":36},"end":{"line":97,"column":13}},"50":{"start":{"line":98,"column":12},"end":{"line":98,"column":48}},"51":{"start":{"line":99,"column":12},"end":{"line":99,"column":51}},"52":{"start":{"line":104,"column":0},"end":{"line":104,"column":34}}},"fnMap":{"0":{"name":"(anonymous_0)","decl":{"start":{"line":13,"column":4},"end":{"line":13,"column":5}},"loc":{"start":{"line":13,"column":18},"end":{"line":15,"column":5}},"line":13},"1":{"name":"(anonymous_1)","decl":{"start":{"line":22,"column":4},"end":{"line":22,"column":5}},"loc":{"start":{"line":22,"column":28},"end":{"line":101,"column":5}},"line":22},"2":{"name":"(anonymous_2)","decl":{"start":{"line":31,"column":54},"end":{"line":31,"column":55}},"loc":{"start":{"line":31,"column":64},"end":{"line":54,"column":13}},"line":31},"3":{"name":"(anonymous_3)","decl":{"start":{"line":42,"column":66},"end":{"line":42,"column":67}},"loc":{"start":{"line":42,"column":73},"end":{"line":42,"column":124}},"line":42},"4":{"name":"(anonymous_4)","decl":{"start":{"line":66,"column":52},"end":{"line":66,"column":53}},"loc":{"start":{"line":66,"column":59},"end":{"line":66,"column":87}},"line":66},"5":{"name":"(anonymous_5)","decl":{"start":{"line":67,"column":62},"end":{"line":67,"column":63}},"loc":{"start":{"line":67,"column":69},"end":{"line":67,"column":97}},"line":67}},"branchMap":{"0":{"loc":{"start":{"line":14,"column":15},"end":{"line":14,"column":77}},"type":"binary-expr","locations":[{"start":{"line":14,"column":15},"end":{"line":14,"column":40}},{"start":{"line":14,"column":44},"end":{"line":14,"column":77}}],"line":14},"1":{"loc":{"start":{"line":26,"column":8},"end":{"line":55,"column":9}},"type":"if","locations":[{"start":{"line":26,"column":8},"end":{"line":55,"column":9}},{"start":{"line":29,"column":15},"end":{"line":55,"column":9}}],"line":26},"2":{"loc":{"start":{"line":32,"column":16},"end":{"line":40,"column":17}},"type":"if","locations":[{"start":{"line":32,"column":16},"end":{"line":40,"column":17}},{"start":{},"end":{}}],"line":32},"3":{"loc":{"start":{"line":32,"column":20},"end":{"line":32,"column":68}},"type":"binary-expr","locations":[{"start":{"line":32,"column":20},"end":{"line":32,"column":30}},{"start":{"line":32,"column":34},"end":{"line":32,"column":68}}],"line":32},"4":{"loc":{"start":{"line":34,"column":24},"end":{"line":38,"column":25}},"type":"if","locations":[{"start":{"line":34,"column":24},"end":{"line":38,"column":25}},{"start":{},"end":{}}],"line":34},"5":{"loc":{"start":{"line":41,"column":16},"end":{"line":41,"column":68}},"type":"if","locations":[{"start":{"line":41,"column":16},"end":{"line":41,"column":68}},{"start":{},"end":{}}],"line":41},"6":{"loc":{"start":{"line":42,"column":73},"end":{"line":42,"column":124}},"type":"binary-expr","locations":[{"start":{"line":42,"column":73},"end":{"line":42,"column":101}},{"start":{"line":42,"column":105},"end":{"line":42,"column":124}}],"line":42},"7":{"loc":{"start":{"line":43,"column":16},"end":{"line":53,"column":17}},"type":"if","locations":[{"start":{"line":43,"column":16},"end":{"line":53,"column":17}},{"start":{},"end":{}}],"line":43},"8":{"loc":{"start":{"line":44,"column":33},"end":{"line":44,"column":125}},"type":"cond-expr","locations":[{"start":{"line":44,"column":75},"end":{"line":44,"column":108}},{"start":{"line":44,"column":111},"end":{"line":44,"column":125}}],"line":44},"9":{"loc":{"start":{"line":47,"column":30},"end":{"line":47,"column":134}},"type":"cond-expr","locations":[{"start":{"line":47,"column":75},"end":{"line":47,"column":107}},{"start":{"line":47,"column":110},"end":{"line":47,"column":134}}],"line":47},"10":{"loc":{"start":{"line":52,"column":20},"end":{"line":52,"column":110}},"type":"if","locations":[{"start":{"line":52,"column":20},"end":{"line":52,"column":110}},{"start":{},"end":{}}],"line":52},"11":{"loc":{"start":{"line":52,"column":24},"end":{"line":52,"column":73}},"type":"binary-expr","locations":[{"start":{"line":52,"column":24},"end":{"line":52,"column":34}},{"start":{"line":52,"column":38},"end":{"line":52,"column":73}}],"line":52},"12":{"loc":{"start":{"line":61,"column":8},"end":{"line":88,"column":9}},"type":"if","locations":[{"start":{"line":61,"column":8},"end":{"line":88,"column":9}},{"start":{},"end":{}}],"line":61},"13":{"loc":{"start":{"line":61,"column":12},"end":{"line":61,"column":43}},"type":"binary-expr","locations":[{"start":{"line":61,"column":12},"end":{"line":61,"column":25}},{"start":{"line":61,"column":29},"end":{"line":61,"column":43}}],"line":61},"14":{"loc":{"start":{"line":62,"column":32},"end":{"line":62,"column":116}},"type":"cond-expr","locations":[{"start":{"line":62,"column":48},"end":{"line":62,"column":82}},{"start":{"line":62,"column":85},"end":{"line":62,"column":116}}],"line":62},"15":{"loc":{"start":{"line":63,"column":12},"end":{"line":87,"column":13}},"type":"if","locations":[{"start":{"line":63,"column":12},"end":{"line":87,"column":13}},{"start":{},"end":{}}],"line":63},"16":{"loc":{"start":{"line":68,"column":20},"end":{"line":85,"column":21}},"type":"if","locations":[{"start":{"line":68,"column":20},"end":{"line":85,"column":21}},{"start":{},"end":{}}],"line":68},"17":{"loc":{"start":{"line":70,"column":43},"end":{"line":70,"column":59}},"type":"binary-expr","locations":[{"start":{"line":70,"column":43},"end":{"line":70,"column":53}},{"start":{"line":70,"column":57},"end":{"line":70,"column":59}}],"line":70},"18":{"loc":{"start":{"line":71,"column":28},"end":{"line":72,"column":124}},"type":"if","locations":[{"start":{"line":71,"column":28},"end":{"line":72,"column":124}},{"start":{"line":72,"column":33},"end":{"line":72,"column":124}}],"line":71},"19":{"loc":{"start":{"line":72,"column":33},"end":{"line":72,"column":124}},"type":"if","locations":[{"start":{"line":72,"column":33},"end":{"line":72,"column":124}},{"start":{},"end":{}}],"line":72},"20":{"loc":{"start":{"line":72,"column":69},"end":{"line":72,"column":108}},"type":"binary-expr","locations":[{"start":{"line":72,"column":69},"end":{"line":72,"column":103}},{"start":{"line":72,"column":107},"end":{"line":72,"column":108}}],"line":72},"21":{"loc":{"start":{"line":95,"column":24},"end":{"line":95,"column":90}},"type":"binary-expr","locations":[{"start":{"line":95,"column":24},"end":{"line":95,"column":85}},{"start":{"line":95,"column":89},"end":{"line":95,"column":90}}],"line":95}},"s":{"0":1,"1":1,"2":2,"3":0,"4":0,"5":0,"6":0,"7":0,"8":0,"9":0,"10":0,"11":0,"12":0,"13":0,"14":0,"15":0,"16":0,"17":0,"18":0,"19":0,"20":0,"21":0,"22":0,"23":0,"24":0,"25":0,"26":0,"27":0,"28":0,"29":0,"30":0,"31":0,"32":0,"33":0,"34":0,"35":0,"36":0,"37":0,"38":0,"39":0,"40":0,"41":0,"42":0,"43":0,"44":0,"45":0,"46":0,"47":0,"48":0,"49":0,"50":0,"51":0,"52":1},"f":{"0":2,"1":0,"2":0,"3":0,"4":0,"5":0},"b":{"0":[2,0],"1":[0,0],"2":[0,0],"3":[0,0],"4":[0,0],"5":[0,0],"6":[0,0],"7":[0,0],"8":[0,0],"9":[0,0],"10":[0,0],"11":[0,0],"12":[0,0],"13":[0,0],"14":[0,0],"15":[0,0],"16":[0,0],"17":[0,0],"18":[0,0],"19":[0,0],"20":[0,0],"21":[0,0]},"_coverageSchema":"1a1c01bbd47fc00a2c39e90264f33305004495a9","hash":"16810314332a2804828194b6f748e993385afc43"}
,"/home/ducksolucky/Desktop/SkyHelper-Networth/calculators/handlers/GodRollAttributes.js": {"path":"/home/ducksolucky/Desktop/SkyHelper-Networth/calculators/handlers/GodRollAttributes.js","statementMap":{"0":{"start":{"line":11,"column":8},"end":{"line":11,"column":84}},"1":{"start":{"line":20,"column":33},"end":{"line":20,"column":140}},"2":{"start":{"line":20,"column":93},"end":{"line":20,"column":139}},"3":{"start":{"line":21,"column":28},"end":{"line":21,"column":88}},"4":{"start":{"line":22,"column":26},"end":{"line":22,"column":125}},"5":{"start":{"line":22,"column":79},"end":{"line":22,"column":113}},"6":{"start":{"line":23,"column":29},"end":{"line":23,"column":46}},"7":{"start":{"line":24,"column":8},"end":{"line":33,"column":9}},"8":{"start":{"line":25,"column":12},"end":{"line":25,"column":38}},"9":{"start":{"line":26,"column":12},"end":{"line":26,"column":37}},"10":{"start":{"line":27,"column":12},"end":{"line":32,"column":15}},"11":{"start":{"line":37,"column":0},"end":{"line":37,"column":42}}},"fnMap":{"0":{"name":"(anonymous_0)","decl":{"start":{"line":10,"column":4},"end":{"line":10,"column":5}},"loc":{"start":{"line":10,"column":18},"end":{"line":12,"column":5}},"line":10},"1":{"name":"(anonymous_1)","decl":{"start":{"line":19,"column":4},"end":{"line":19,"column":5}},"loc":{"start":{"line":19,"column":28},"end":{"line":34,"column":5}},"line":19},"2":{"name":"(anonymous_2)","decl":{"start":{"line":20,"column":83},"end":{"line":20,"column":84}},"loc":{"start":{"line":20,"column":93},"end":{"line":20,"column":139}},"line":20},"3":{"name":"(anonymous_3)","decl":{"start":{"line":22,"column":64},"end":{"line":22,"column":65}},"loc":{"start":{"line":22,"column":79},"end":{"line":22,"column":113}},"line":22}},"branchMap":{"0":{"loc":{"start":{"line":11,"column":15},"end":{"line":11,"column":83}},"type":"binary-expr","locations":[{"start":{"line":11,"column":15},"end":{"line":11,"column":48}},{"start":{"line":11,"column":52},"end":{"line":11,"column":83}}],"line":11},"1":{"loc":{"start":{"line":24,"column":8},"end":{"line":33,"column":9}},"type":"if","locations":[{"start":{"line":24,"column":8},"end":{"line":33,"column":9}},{"start":{},"end":{}}],"line":24}},"s":{"0":2,"1":0,"2":0,"3":0,"4":0,"5":0,"6":0,"7":0,"8":0,"9":0,"10":0,"11":1},"f":{"0":2,"1":0,"2":0,"3":0},"b":{"0":[2,2],"1":[0,0]},"_coverageSchema":"1a1c01bbd47fc00a2c39e90264f33305004495a9","hash":"a4a7911073e92cee1a5d7efdae77ac324cebd240"}
,"/home/ducksolucky/Desktop/SkyHelper-Networth/calculators/handlers/HotPotatoBook.js": {"path":"/home/ducksolucky/Desktop/SkyHelper-Networth/calculators/handlers/HotPotatoBook.js","statementMap":{"0":{"start":{"line":1,"column":30},"end":{"line":1,"column":73}},"1":{"start":{"line":13,"column":8},"end":{"line":13,"column":53}},"2":{"start":{"line":22,"column":31},"end":{"line":22,"column":89}},"3":{"start":{"line":23,"column":8},"end":{"line":35,"column":9}},"4":{"start":{"line":24,"column":42},"end":{"line":24,"column":61}},"5":{"start":{"line":26,"column":36},"end":{"line":31,"column":13}},"6":{"start":{"line":33,"column":12},"end":{"line":33,"column":48}},"7":{"start":{"line":34,"column":12},"end":{"line":34,"column":51}},"8":{"start":{"line":37,"column":35},"end":{"line":37,"column":63}},"9":{"start":{"line":38,"column":32},"end":{"line":43,"column":9}},"10":{"start":{"line":45,"column":8},"end":{"line":45,"column":44}},"11":{"start":{"line":46,"column":8},"end":{"line":46,"column":47}},"12":{"start":{"line":50,"column":0},"end":{"line":50,"column":38}}},"fnMap":{"0":{"name":"(anonymous_0)","decl":{"start":{"line":12,"column":4},"end":{"line":12,"column":5}},"loc":{"start":{"line":12,"column":18},"end":{"line":14,"column":5}},"line":12},"1":{"name":"(anonymous_1)","decl":{"start":{"line":21,"column":4},"end":{"line":21,"column":5}},"loc":{"start":{"line":21,"column":28},"end":{"line":47,"column":5}},"line":21}},"branchMap":{"0":{"loc":{"start":{"line":23,"column":8},"end":{"line":35,"column":9}},"type":"if","locations":[{"start":{"line":23,"column":8},"end":{"line":35,"column":9}},{"start":{},"end":{}}],"line":23},"1":{"loc":{"start":{"line":29,"column":24},"end":{"line":29,"column":57}},"type":"binary-expr","locations":[{"start":{"line":29,"column":24},"end":{"line":29,"column":52}},{"start":{"line":29,"column":56},"end":{"line":29,"column":57}}],"line":29},"2":{"loc":{"start":{"line":41,"column":20},"end":{"line":41,"column":50}},"type":"binary-expr","locations":[{"start":{"line":41,"column":20},"end":{"line":41,"column":45}},{"start":{"line":41,"column":49},"end":{"line":41,"column":50}}],"line":41}},"s":{"0":1,"1":2,"2":0,"3":0,"4":0,"5":0,"6":0,"7":0,"8":0,"9":0,"10":0,"11":0,"12":1},"f":{"0":2,"1":0},"b":{"0":[0,0],"1":[0,0],"2":[0,0]},"_coverageSchema":"1a1c01bbd47fc00a2c39e90264f33305004495a9","hash":"64e4ca2c0030c8e48018ab7f4c68ef78a0c08a6d"}
,"/home/ducksolucky/Desktop/SkyHelper-Networth/calculators/handlers/ItemEnchantments.js": {"path":"/home/ducksolucky/Desktop/SkyHelper-Networth/calculators/handlers/ItemEnchantments.js","statementMap":{"0":{"start":{"line":1,"column":50},"end":{"line":1,"column":93}},"1":{"start":{"line":2,"column":92},"end":{"line":2,"column":123}},"2":{"start":{"line":14,"column":8},"end":{"line":14,"column":85}},"3":{"start":{"line":23,"column":8},"end":{"line":81,"column":9}},"4":{"start":{"line":24,"column":12},"end":{"line":24,"column":38}},"5":{"start":{"line":25,"column":12},"end":{"line":25,"column":76}},"6":{"start":{"line":25,"column":67},"end":{"line":25,"column":76}},"7":{"start":{"line":26,"column":12},"end":{"line":26,"column":63}},"8":{"start":{"line":26,"column":54},"end":{"line":26,"column":63}},"9":{"start":{"line":29,"column":12},"end":{"line":29,"column":64}},"10":{"start":{"line":29,"column":54},"end":{"line":29,"column":64}},"11":{"start":{"line":32,"column":12},"end":{"line":45,"column":13}},"12":{"start":{"line":33,"column":40},"end":{"line":33,"column":89}},"13":{"start":{"line":35,"column":16},"end":{"line":44,"column":17}},"14":{"start":{"line":36,"column":44},"end":{"line":41,"column":21}},"15":{"start":{"line":42,"column":20},"end":{"line":42,"column":56}},"16":{"start":{"line":43,"column":20},"end":{"line":43,"column":59}},"17":{"start":{"line":48,"column":12},"end":{"line":57,"column":13}},"18":{"start":{"line":49,"column":40},"end":{"line":54,"column":17}},"19":{"start":{"line":55,"column":16},"end":{"line":55,"column":52}},"20":{"start":{"line":56,"column":16},"end":{"line":56,"column":55}},"21":{"start":{"line":60,"column":12},"end":{"line":69,"column":13}},"22":{"start":{"line":61,"column":40},"end":{"line":66,"column":17}},"23":{"start":{"line":67,"column":16},"end":{"line":67,"column":52}},"24":{"start":{"line":68,"column":16},"end":{"line":68,"column":55}},"25":{"start":{"line":71,"column":36},"end":{"line":76,"column":13}},"26":{"start":{"line":77,"column":12},"end":{"line":80,"column":13}},"27":{"start":{"line":78,"column":16},"end":{"line":78,"column":52}},"28":{"start":{"line":79,"column":16},"end":{"line":79,"column":55}},"29":{"start":{"line":85,"column":0},"end":{"line":85,"column":40}}},"fnMap":{"0":{"name":"(anonymous_0)","decl":{"start":{"line":13,"column":4},"end":{"line":13,"column":5}},"loc":{"start":{"line":13,"column":18},"end":{"line":15,"column":5}},"line":13},"1":{"name":"(anonymous_1)","decl":{"start":{"line":22,"column":4},"end":{"line":22,"column":5}},"loc":{"start":{"line":22,"column":28},"end":{"line":82,"column":5}},"line":22}},"branchMap":{"0":{"loc":{"start":{"line":14,"column":15},"end":{"line":14,"column":84}},"type":"binary-expr","locations":[{"start":{"line":14,"column":15},"end":{"line":14,"column":47}},{"start":{"line":14,"column":51},"end":{"line":14,"column":84}}],"line":14},"1":{"loc":{"start":{"line":25,"column":12},"end":{"line":25,"column":76}},"type":"if","locations":[{"start":{"line":25,"column":12},"end":{"line":25,"column":76}},{"start":{},"end":{}}],"line":25},"2":{"loc":{"start":{"line":26,"column":12},"end":{"line":26,"column":63}},"type":"if","locations":[{"start":{"line":26,"column":12},"end":{"line":26,"column":63}},{"start":{},"end":{}}],"line":26},"3":{"loc":{"start":{"line":29,"column":12},"end":{"line":29,"column":64}},"type":"if","locations":[{"start":{"line":29,"column":12},"end":{"line":29,"column":64}},{"start":{},"end":{}}],"line":29},"4":{"loc":{"start":{"line":32,"column":12},"end":{"line":45,"column":13}},"type":"if","locations":[{"start":{"line":32,"column":12},"end":{"line":45,"column":13}},{"start":{},"end":{}}],"line":32},"5":{"loc":{"start":{"line":32,"column":16},"end":{"line":32,"column":89}},"type":"binary-expr","locations":[{"start":{"line":32,"column":16},"end":{"line":32,"column":37}},{"start":{"line":32,"column":41},"end":{"line":32,"column":50}},{"start":{"line":32,"column":54},"end":{"line":32,"column":89}}],"line":32},"6":{"loc":{"start":{"line":33,"column":49},"end":{"line":33,"column":88}},"type":"cond-expr","locations":[{"start":{"line":33,"column":83},"end":{"line":33,"column":84}},{"start":{"line":33,"column":87},"end":{"line":33,"column":88}}],"line":33},"7":{"loc":{"start":{"line":35,"column":16},"end":{"line":44,"column":17}},"type":"if","locations":[{"start":{"line":35,"column":16},"end":{"line":44,"column":17}},{"start":{},"end":{}}],"line":35},"8":{"loc":{"start":{"line":39,"column":32},"end":{"line":39,"column":53}},"type":"binary-expr","locations":[{"start":{"line":39,"column":32},"end":{"line":39,"column":48}},{"start":{"line":39,"column":52},"end":{"line":39,"column":53}}],"line":39},"9":{"loc":{"start":{"line":48,"column":12},"end":{"line":57,"column":13}},"type":"if","locations":[{"start":{"line":48,"column":12},"end":{"line":57,"column":13}},{"start":{},"end":{}}],"line":48},"10":{"loc":{"start":{"line":48,"column":16},"end":{"line":48,"column":50}},"type":"binary-expr","locations":[{"start":{"line":48,"column":16},"end":{"line":48,"column":36}},{"start":{"line":48,"column":40},"end":{"line":48,"column":50}}],"line":48},"11":{"loc":{"start":{"line":52,"column":28},"end":{"line":52,"column":56}},"type":"binary-expr","locations":[{"start":{"line":52,"column":28},"end":{"line":52,"column":51}},{"start":{"line":52,"column":55},"end":{"line":52,"column":56}}],"line":52},"12":{"loc":{"start":{"line":60,"column":12},"end":{"line":69,"column":13}},"type":"if","locations":[{"start":{"line":60,"column":12},"end":{"line":69,"column":13}},{"start":{},"end":{}}],"line":60},"13":{"loc":{"start":{"line":60,"column":16},"end":{"line":60,"column":54}},"type":"binary-expr","locations":[{"start":{"line":60,"column":16},"end":{"line":60,"column":40}},{"start":{"line":60,"column":44},"end":{"line":60,"column":54}}],"line":60},"14":{"loc":{"start":{"line":64,"column":28},"end":{"line":64,"column":60}},"type":"binary-expr","locations":[{"start":{"line":64,"column":28},"end":{"line":64,"column":55}},{"start":{"line":64,"column":59},"end":{"line":64,"column":60}}],"line":64},"15":{"loc":{"start":{"line":74,"column":24},"end":{"line":74,"column":67}},"type":"binary-expr","locations":[{"start":{"line":74,"column":24},"end":{"line":74,"column":62}},{"start":{"line":74,"column":66},"end":{"line":74,"column":67}}],"line":74},"16":{"loc":{"start":{"line":74,"column":72},"end":{"line":74,"column":126}},"type":"binary-expr","locations":[{"start":{"line":74,"column":72},"end":{"line":74,"column":96}},{"start":{"line":74,"column":100},"end":{"line":74,"column":126}}],"line":74},"17":{"loc":{"start":{"line":77,"column":12},"end":{"line":80,"column":13}},"type":"if","locations":[{"start":{"line":77,"column":12},"end":{"line":80,"column":13}},{"start":{},"end":{}}],"line":77}},"s":{"0":1,"1":1,"2":2,"3":0,"4":0,"5":0,"6":0,"7":0,"8":0,"9":0,"10":0,"11":0,"12":0,"13":0,"14":0,"15":0,"16":0,"17":0,"18":0,"19":0,"20":0,"21":0,"22":0,"23":0,"24":0,"25":0,"26":0,"27":0,"28":0,"29":1},"f":{"0":2,"1":0},"b":{"0":[2,2],"1":[0,0],"2":[0,0],"3":[0,0],"4":[0,0],"5":[0,0,0],"6":[0,0],"7":[0,0],"8":[0,0],"9":[0,0],"10":[0,0],"11":[0,0],"12":[0,0],"13":[0,0],"14":[0,0],"15":[0,0],"16":[0,0],"17":[0,0]},"_coverageSchema":"1a1c01bbd47fc00a2c39e90264f33305004495a
[...]
:12,"column":68},"end":{"line":12,"column":70}}],"line":12},"6":{"loc":{"start":{"line":13,"column":24},"end":{"line":13,"column":70}},"type":"binary-expr","locations":[{"start":{"line":13,"column":24},"end":{"line":13,"column":64}},{"start":{"line":13,"column":68},"end":{"line":13,"column":70}}],"line":13},"7":{"loc":{"start":{"line":14,"column":21},"end":{"line":14,"column":69}},"type":"binary-expr","locations":[{"start":{"line":14,"column":21},"end":{"line":14,"column":63}},{"start":{"line":14,"column":67},"end":{"line":14,"column":69}}],"line":14},"8":{"loc":{"start":{"line":15,"column":20},"end":{"line":15,"column":67}},"type":"binary-expr","locations":[{"start":{"line":15,"column":20},"end":{"line":15,"column":61}},{"start":{"line":15,"column":65},"end":{"line":15,"column":67}}],"line":15},"9":{"loc":{"start":{"line":16,"column":19},"end":{"line":16,"column":65}},"type":"binary-expr","locations":[{"start":{"line":16,"column":19},"end":{"line":16,"column":59}},{"start":{"line":16,"column":63},"end":{"line":16,"column":65}}],"line":16},"10":{"loc":{"start":{"line":17,"column":25},"end":{"line":17,"column":79}},"type":"binary-expr","locations":[{"start":{"line":17,"column":25},"end":{"line":17,"column":73}},{"start":{"line":17,"column":77},"end":{"line":17,"column":79}}],"line":17},"11":{"loc":{"start":{"line":18,"column":33},"end":{"line":18,"column":95}},"type":"binary-expr","locations":[{"start":{"line":18,"column":33},"end":{"line":18,"column":89}},{"start":{"line":18,"column":93},"end":{"line":18,"column":95}}],"line":18},"12":{"loc":{"start":{"line":19,"column":16},"end":{"line":19,"column":59}},"type":"binary-expr","locations":[{"start":{"line":19,"column":16},"end":{"line":19,"column":53}},{"start":{"line":19,"column":57},"end":{"line":19,"column":59}}],"line":19},"13":{"loc":{"start":{"line":22,"column":30},"end":{"line":22,"column":64}},"type":"binary-expr","locations":[{"start":{"line":22,"column":30},"end":{"line":22,"column":58}},{"start":{"line":22,"column":62},"end":{"line":22,"column":64}}],"line":22},"14":{"loc":{"start":{"line":22,"column":107},"end":{"line":22,"column":123}},"type":"binary-expr","locations":[{"start":{"line":22,"column":107},"end":{"line":22,"column":117}},{"start":{"line":22,"column":121},"end":{"line":22,"column":123}}],"line":22},"15":{"loc":{"start":{"line":23,"column":30},"end":{"line":23,"column":61}},"type":"binary-expr","locations":[{"start":{"line":23,"column":30},"end":{"line":23,"column":55}},{"start":{"line":23,"column":59},"end":{"line":23,"column":61}}],"line":23},"16":{"loc":{"start":{"line":23,"column":109},"end":{"line":23,"column":125}},"type":"binary-expr","locations":[{"start":{"line":23,"column":109},"end":{"line":23,"column":119}},{"start":{"line":23,"column":123},"end":{"line":23,"column":125}}],"line":23},"17":{"loc":{"start":{"line":31,"column":8},"end":{"line":31,"column":43}},"type":"if","locations":[{"start":{"line":31,"column":8},"end":{"line":31,"column":43}},{"start":{},"end":{}}],"line":31},"18":{"loc":{"start":{"line":33,"column":65},"end":{"line":33,"column":97}},"type":"binary-expr","locations":[{"start":{"line":33,"column":65},"end":{"line":33,"column":69}},{"start":{"line":33,"column":73},"end":{"line":33,"column":97}}],"line":33},"19":{"loc":{"start":{"line":35,"column":8},"end":{"line":39,"column":9}},"type":"if","locations":[{"start":{"line":35,"column":8},"end":{"line":39,"column":9}},{"start":{"line":37,"column":15},"end":{"line":39,"column":9}}],"line":35},"20":{"loc":{"start":{"line":36,"column":27},"end":{"line":36,"column":44}},"type":"binary-expr","locations":[{"start":{"line":36,"column":27},"end":{"line":36,"column":38}},{"start":{"line":36,"column":42},"end":{"line":36,"column":44}}],"line":36},"21":{"loc":{"start":{"line":46,"column":4},"end":{"line":72,"column":5}},"type":"if","locations":[{"start":{"line":46,"column":4},"end":{"line":72,"column":5}},{"start":{"line":70,"column":11},"end":{"line":72,"column":5}}],"line":46},"22":{"loc":{"start":{"line":46,"column":8},"end":{"line":46,"column":120}},"type":"binary-expr","locations":[{"start":{"line":46,"column":8},"end":{"line":46,"column":18}},{"start":{"line":46,"column":22},"end":{"line":46,"column":56}},{"start":{"line":46,"column":60},"end":{"line":46,"column":76}},{"start":{"line":46,"column":80},"end":{"line":46,"column":120}}],"line":46},"23":{"loc":{"start":{"line":47,"column":8},"end":{"line":69,"column":9}},"type":"if","locations":[{"start":{"line":47,"column":8},"end":{"line":69,"column":9}},{"start":{"line":55,"column":15},"end":{"line":69,"column":9}}],"line":47},"24":{"loc":{"start":{"line":47,"column":12},"end":{"line":47,"column":91}},"type":"binary-expr","locations":[{"start":{"line":47,"column":12},"end":{"line":47,"column":62}},{"start":{"line":47,"column":66},"end":{"line":47,"column":91}}],"line":47},"25":{"loc":{"start":{"line":56,"column":33},"end":{"line":56,"column":95}},"type":"binary-expr","locations":[{"start":{"line":56,"column":33},"end":{"line":56,"column":89}},{"start":{"line":56,"column":93},"end":{"line":56,"column":95}}],"line":56},"26":{"loc":{"start":{"line":60,"column":39},"end":{"line":60,"column":61}},"type":"binary-expr","locations":[{"start":{"line":60,"column":39},"end":{"line":60,"column":55}},{"start":{"line":60,"column":59},"end":{"line":60,"column":61}}],"line":60},"27":{"loc":{"start":{"line":84,"column":16},"end":{"line":92,"column":17}},"type":"if","locations":[{"start":{"line":84,"column":16},"end":{"line":92,"column":17}},{"start":{},"end":{}}],"line":84},"28":{"loc":{"start":{"line":88,"column":50},"end":{"line":88,"column":102}},"type":"binary-expr","locations":[{"start":{"line":88,"column":50},"end":{"line":88,"column":57}},{"start":{"line":88,"column":61},"end":{"line":88,"column":102}}],"line":88},"29":{"loc":{"start":{"line":101,"column":30},"end":{"line":101,"column":93}},"type":"binary-expr","locations":[{"start":{"line":101,"column":30},"end":{"line":101,"column":54}},{"start":{"line":101,"column":58},"end":{"line":101,"column":93}}],"line":101},"30":{"loc":{"start":{"line":102,"column":26},"end":{"line":106,"column":20}},"type":"cond-expr","locations":[{"start":{"line":103,"column":18},"end":{"line":105,"column":62}},{"start":{"line":106,"column":18},"end":{"line":106,"column":20}}],"line":102},"31":{"loc":{"start":{"line":109,"column":28},"end":{"line":114,"column":20}},"type":"cond-expr","locations":[{"start":{"line":110,"column":18},"end":{"line":113,"column":21}},{"start":{"line":114,"column":18},"end":{"line":114,"column":20}}],"line":109},"32":{"loc":{"start":{"line":117,"column":25},"end":{"line":117,"column":86}},"type":"binary-expr","locations":[{"start":{"line":117,"column":25},"end":{"line":117,"column":80}},{"start":{"line":117,"column":84},"end":{"line":117,"column":86}}],"line":117}},"s":{"0":2,"1":2,"2":6,"3":6,"4":6,"5":1,"6":1,"7":6,"8":6,"9":80,"10":6,"11":80,"12":60,"13":20,"14":6,"15":20,"16":2,"17":18,"18":20,"19":6,"20":6,"21":3,"22":1,"23":1,"24":1,"25":1,"26":2,"27":1,"28":2,"29":2,"30":2,"31":2,"32":3,"33":6,"34":6,"35":2,"36":13,"37":13,"38":13,"39":32,"40":12,"41":3,"42":3,"43":3,"44":3,"45":13,"46":13,"47":13,"48":13,"49":1,"50":1,"51":13,"52":1,"53":13,"54":1,"55":2},"f":{"0":6,"1":1,"2":1,"3":80,"4":80,"5":6,"6":1,"7":1,"8":1,"9":1,"10":2,"11":2,"12":13,"13":13,"14":3,"15":3,"16":3,"17":13,"18":1,"19":1,"20":13,"21":1,"22":13,"23":1},"b":{"0":[6,6],"1":[6,6],"2":[6,6],"3":[6,5],"4":[6,6],"5":[6,6],"6":[6,6],"7":[6,6],"8":[6,6],"9":[6,6],"10":[6,6],"11":[6,6],"12":[6,6],"13":[6,5],"14":[1,0],"15":[6,5],"16":[1,0],"17":[60,20],"18":[6,5],"19":[2,18],"20":[2,1],"21":[3,3],"22":[6,3,3,3],"23":[1,2],"24":[3,1],"25":[2,0],"26":[2,0],"27":[3,9],"28":[3,3],"29":[13,11],"30":[2,11],"31":[2,11],"32":[13,12]},"_coverageSchema":"1a1c01bbd47fc00a2c39e90264f33305004495a9","hash":"ee498c665dc683362b0ec49a8fc0bb1abe2adf20"}
,"/home/ducksolucky/Desktop/SkyHelper-Networth/helper/prices.js": {"path":"/home/ducksolucky/Desktop/SkyHelper-Networth/helper/prices.js","statementMap":{"0":{"start":{"line":1,"column":24},"end":{"line":1,"column":43}},"1":{"start":{"line":2,"column":14},"end":{"line":2,"column":30}},"2":{"start":{"line":5,"column":22},"end":{"line":5,"column":26}},"3":{"start":{"line":13,"column":4},"end":{"line":13,"column":73}},"4":{"start":{"line":13,"column":22},"end":{"line":13,"column":73}},"5":{"start":{"line":15,"column":4},"end":{"line":15,"column":94}},"6":{"start":{"line":15,"column":67},"end":{"line":15,"column":94}},"7":{"start":{"line":17,"column":4},"end":{"line":17,"column":48}},"8":{"start":{"line":17,"column":25},"end":{"line":17,"column":48}},"9":{"start":{"line":19,"column":4},"end":{"line":37,"column":9}},"10":{"start":{"line":20,"column":8},"end":{"line":36,"column":9}},"11":{"start":{"line":21,"column":29},"end":{"line":21,"column":120}},"12":{"start":{"line":23,"column":12},"end":{"line":23,"column":76}},"13":{"start":{"line":24,"column":12},"end":{"line":24,"column":33}},"14":{"start":{"line":26,"column":12},"end":{"line":33,"column":13}},"15":{"start":{"line":27,"column":16},"end":{"line":27,"column":120}},"16":{"start":{"line":29,"column":16},"end":{"line":31,"column":18}},"17":{"start":{"line":32,"column":16},"end":{"line":32,"column":64}},"18":{"start":{"line":35,"column":12},"end":{"line":35,"column":35}},"19":{"start":{"line":39,"column":4},"end":{"line":39,"column":27}},"20":{"start":{"line":42,"column":0},"end":{"line":42,"column":31}}},"fnMap":{"0":{"name":"getPrices","decl":{"start":{"line":12,"column":15},"end":{"line":12,"column":24}},"loc":{"start":{"line":12,"column":79},"end":{"line":40,"column":1}},"line":12},"1":{"name":"(anonymous_1)","decl":{"start":{"line":19,"column":23},"end":{"line":19,"column":24}},"loc":{"start":{"line":19,"column":35},"end":{"line":37,"column":5}},"line":19}},"branchMap":{"0":{"loc":{"start":{"line":12,"column":25},"end":{"line":12,"column":37}},"type":"default-arg","locations":[{"start":{"line":12,"column":33},"end":{"line":12,"column":37}}],"line":12},"1":{"loc":{"start":{"line":12,"column":39},"end":{"line":12,"column":64}},"type":"default-arg","locations":[{"start":{"line":12,"column":51},"end":{"line":12,"column":64}}],"line":12},"2":{"loc":{"start":{"line":12,"column":66},"end":{"line":12,"column":77}},"type":"default-arg","locations":[{"start":{"line":12,"column":76},"end":{"line":12,"column":77}}],"line":12},"3":{"loc":{"start":{"line":13,"column":4},"end":{"line":13,"column":73}},"type":"if","locations":[{"start":{"line":13,"column":4},"end":{"line":13,"column":73}},{"start":{},"end":{}}],"line":13},"4":{"loc":{"start":{"line":15,"column":4},"end":{"line":15,"column":94}},"type":"if","locations":[{"start":{"line":15,"column":4},"end":{"line":15,"column":94}},{"start":{},"end":{}}],"line":15},"5":{"loc":{"start":{"line":15,"column":8},"end":{"line":15,"column":65}},"type":"binary-expr","locations":[{"start":{"line":15,"column":8},"end":{"line":15,"column":56}},{"start":{"line":15,"column":60},"end":{"line":15,"column":65}}],"line":15},"6":{"loc":{"start":{"line":17,"column":4},"end":{"line":17,"column":48}},"type":"if","locations":[{"start":{"line":17,"column":4},"end":{"line":17,"column":48}},{"start":{},"end":{}}],"line":17},"7":{"loc":{"start":{"line":26,"column":12},"end":{"line":33,"column":13}},"type":"if","locations":[{"start":{"line":26,"column":12},"end":{"line":33,"column":13}},{"start":{"line":28,"column":19},"end":{"line":33,"column":13}}],"line":26},"8":{"loc":{"start":{"line":27,"column":84},"end":{"line":27,"column":116}},"type":"binary-expr","locations":[{"start":{"line":27,"column":84},"end":{"line":27,"column":103}},{"start":{"line":27,"column":107},"end":{"line":27,"column":116}}],"line":27},"9":{"loc":{"start":{"line":30,"column":87},"end":{"line":30,"column":119}},"type":"binary-expr","locations":[{"start":{"line":30,"column":87},"end":{"line":30,"column":106}},{"start":{"line":30,"column":110},"end":{"line":30,"column":119}}],"line":30}},"s":{"0":3,"1":3,"2":3,"3":11,"4":3,"5":8,"6":3,"7":5,"8":1,"9":4,"10":4,"11":4,"12":3,"13":3,"14":1,"15":0,"16":1,"17":1,"18":4,"19":4,"20":3},"f":{"0":11,"1":4},"b":{"0":[1],"1":[3],"2":[7],"3":[3,8],"4":[3,5],"5":[8,7],"6":[1,4],"7":[0,1],"8":[0,0],"9":[1,1]},"_coverageSchema":"1a1c01bbd47fc00a2c39e90264f33305004495a9","hash":"8b0a311a797bf3e4535219ab633c7156fd939682"}
,"/home/ducksolucky/Desktop/SkyHelper-Networth/managers/UpdateManager.js": {"path":"/home/ducksolucky/Desktop/SkyHelper-Networth/managers/UpdateManager.js","statementMap":{"0":{"start":{"line":1,"column":14},"end":{"line":1,"column":30}},"1":{"start":{"line":11,"column":8},"end":{"line":13,"column":9}},"2":{"start":{"line":12,"column":12},"end":{"line":12,"column":42}},"3":{"start":{"line":15,"column":8},"end":{"line":15,"column":38}},"4":{"start":{"line":16,"column":8},"end":{"line":16,"column":61}},"5":{"start":{"line":17,"column":8},"end":{"line":17,"column":35}},"6":{"start":{"line":18,"column":8},"end":{"line":18,"column":82}},"7":{"start":{"line":25,"column":8},"end":{"line":25,"column":46}},"8":{"start":{"line":26,"column":8},"end":{"line":26,"column":38}},"9":{"start":{"line":33,"column":8},"end":{"line":35,"column":9}},"10":{"start":{"line":34,"column":12},"end":{"line":34,"column":19}},"11":{"start":{"line":37,"column":8},"end":{"line":37,"column":82}},"12":{"start":{"line":45,"column":8},"end":{"line":45,"column":34}},"13":{"start":{"line":46,"column":8},"end":{"line":46,"column":46}},"14":{"start":{"line":47,"column":8},"end":{"line":47,"column":82}},"15":{"start":{"line":54,"column":8},"end":{"line":73,"column":9}},"16":{"start":{"line":55,"column":32},"end":{"line":55,"column":96}},"17":{"start":{"line":56,"column":34},"end":{"line":56,"column":70}},"18":{"start":{"line":57,"column":35},"end":{"line":57,"column":69}},"19":{"start":{"line":58,"column":60},"end":{"line":58,"column":96}},"20":{"start":{"line":59,"column":63},"end":{"line":59,"column":100}},"21":{"start":{"line":61,"column":12},"end":{"line":70,"column":13}},"22":{"start":{"line":62,"column":16},"end":{"line":64,"column":18}},"23":{"start":{"line":65,"column":19},"end":{"line":70,"column":13}},"24":{"start":{"line":69,"column":16},"end":{"line":69,"column":146}},"25":{"start":{"line":72,"column":12},"end":{"line":72,"column":103}},"26":{"start":{"line":80,"column":22},"end":{"line":80,"column":41}},"27":{"start":{"line":82,"column":0},"end":{"line":82,"column":31}}},"fnMap":{"0":{"name":"(anonymous_0)","decl":{"start":{"line":10,"column":4},"end":{"line":10,"column":5}},"loc":{"start":{"line":10,"column":18},"end":{"line":19,"column":5}},"line":10},"1":{"name":"(anonymous_1)","decl":{"start":{"line":24,"column":4},"end":{"line":24,"column":5}},"loc":{"start":{"line":24,"column":14},"end":{"line":27,"column":5}},"line":24},"2":{"name":"(anonymous_2)","decl":{"start":{"line":32,"column":4},"end":{"line":32,"column":5}},"loc":{"start":{"line":32,"column":13},"end":{"line":38,"column":5}},"line":32},"3":{"name":"(anonymous_3)","decl":{"start":{"line":44,"column":4},"end":{"line":44,"column":5}},"loc":{"start":{"line":44,"column":26},"end":{"line":48,"column":5}},"line":44},"4":{"name":"(anonymous_4)","decl":{"start":{"line":53,"column":4},"end":{"line":53,"column":5}},"loc":{"start":{"line":53,"column":27},"end":{"line":74,"column":5}},"line":53}},"branchMap":{"0":{"loc":{"start":{"line":11,"column":8},"end":{"line":13,"column":9}},"type":"if","locations":[{"start":{"line":11,"column":8},"end":{"line":13,"column":9}},{"start":{},"end":{}}],"line":11},"1":{"loc":{"start":{"line":33,"column":8},"end":{"line":35,"column":9}},"type":"if","locations":[{"start":{"line":33,"column":8},"end":{"line":35,"column":9}},{"start":{},"end":{}}],"line":33},"2":{"loc":{"start":{"line":61,"column":12},"end":{"line":70,"column":13}},"type":"if","locations":[{"start":{"line":61,"column":12},"end":{"line":70,"column":13}},{"start":{"line":65,"column":19},"end":{"line":70,"column":13}}],"line":61},"3":{"loc":{"start":{"line":65,"column":19},"end":{"line":70,"column":13}},"type":"if","locations":[{"start":{"line":65,"column":19},"end":{"line":70,"column":13}},{"start":{},"end":{}}],"line":65},"4":{"loc":{"start":{"line":66,"column":16},"end":{"line":67,"column":108}},"type":"binary-expr","locations":[{"start":{"line":66,"column":17},"end":{"line":66,"column":45}},{"start":{"line":66,"column":49},"end":{"line":66,"column":75}},{"start":{"line":67,"column":17},"end":{"line":67,"column":45}},{"start":{"line":67,"column":49},"end":{"line":67,"column":77}},{"start":{"line":67,"column":81},"end":{"line":67,"column":107}}],"line":66}},"s":{"0":13,"1":15,"2":2,"3":13,"4":13,"5":13,"6":13,"7":2,"8":2,"9":2,"10":1,"11":1,"12":1,"13":1,"14":1,"15":5,"16":5,"17":4,"18":4,"19":4,"20":4,"21":4,"22":1,"23":3,"24":2,"25":1,"26":13,"27":13},"f":{"0":15,"1":2,"2":2,"3":1,"4":5},"b":{"0":[2,13],"1":[1,1],"2":[1,3],"3":[2,1],"4":[3,3,2,2,2]},"_coverageSchema":"1a1c01bbd47fc00a2c39e90264f33305004495a9","hash":"4d4f847421d1d4600f378188e82eddb96f4b1f56"}
,"/home/ducksolucky/Desktop/SkyHelper-Networth/tests/handlers/BaseHandlerTest.js": {"path":"/home/ducksolucky/Desktop/SkyHelper-Networth/tests/handlers/BaseHandlerTest.js","statementMap":{"0":{"start":{"line":1,"column":15},"end":{"line":1,"column":32}},"1":{"start":{"line":5,"column":8},"end":{"line":5,"column":41}},"2":{"start":{"line":6,"column":8},"end":{"line":6,"column":35}},"3":{"start":{"line":10,"column":8},"end":{"line":32,"column":11}},"4":{"start":{"line":11,"column":12},"end":{"line":31,"column":15}},"5":{"start":{"line":12,"column":16},"end":{"line":30,"column":19}},"6":{"start":{"line":13,"column":36},"end":{"line":13,"column":59}},"7":{"start":{"line":16,"column":36},"end":{"line":16,"column":57}},"8":{"start":{"line":17,"column":20},"end":{"line":17,"column":108}},"9":{"start":{"line":20,"column":40},"end":{"line":20,"column":50}},"10":{"start":{"line":21,"column":20},"end":{"line":23,"column":21}},"11":{"start":{"line":22,"column":24},"end":{"line":22,"column":56}},"12":{"start":{"line":24,"column":20},"end":{"line":28,"column":22}},"13":{"start":{"line":29,"column":20},"end":{"line":29,"column":121}},"14":{"start":{"line":36,"column":0},"end":{"line":36,"column":33}}},"fnMap":{"0":{"name":"(anonymous_0)","decl":{"start":{"line":4,"column":4},"end":{"line":4,"column":5}},"loc":{"start":{"line":4,"column":41},"end":{"line":7,"column":5}},"line":4},"1":{"name":"(anonymous_1)","decl":{"start":{"line":9,"column":4},"end":{"line":9,"column":5}},"loc":{"start":{"line":9,"column":15},"end":{"line":33,"column":5}},"line":9},"2":{"name":"(anonymous_2)","decl":{"start":{"line":10,"column":52},"end":{"line":10,"column":53}},"loc":{"start":{"line":10,"column":58},"end":{"line":32,"column":9}},"line":10},"3":{"name":"(anonymous_3)","decl":{"start":{"line":11,"column":35},"end":{"line":11,"column":36}},"loc":{"start":{"line":11,"column":134},"end":{"line":31,"column":13}},"line":11},"4":{"name":"(anonymous_4)","decl":{"start":{"line":12,"column":32},"end":{"line":12,"column":33}},"loc":{"start":{"line":12,"column":38},"end":{"line":30,"column":17}},"line":12}},"branchMap":{"0":{"loc":{"start":{"line":11,"column":78},"end":{"line":11,"column":101}},"type":"default-arg","locations":[{"start":{"line":11,"column":100},"end":{"line":11,"column":101}}],"line":11},"1":{"loc":{"start":{"line":11,"column":103},"end":{"line":11,"column":127}},"type":"default-arg","locations":[{"start":{"line":11,"column":125},"end":{"line":11,"column":127}}],"line":11},"2":{"loc":{"start":{"line":21,"column":20},"end":{"line":23,"column":21}},"type":"if","locations":[{"start":{"line":21,"column":20},"end":{"line":23,"column":21}},{"start":{},"end":{}}],"line":21}},"s":{"0":2,"1":2,"2":2,"3":2,"4":2,"5":4,"6":4,"7":4,"8":4,"9":4,"10":4,"11":2,"12":4,"13":4,"14":2},"f":{"0":2,"1":2,"2":2,"3":4,"4":4},"b":{"0":[2],"1":[2],"2":[2,2]},"_coverageSchema":"1a1c01bbd47fc00a2c39e90264f33305004495a9","hash":"cfdf7c804d82bab061db55ffdb05f6e844ae6efb"}
}
