TN:
SF:calculators/BasicItemNetworthCalculator.js
FN:17,(anonymous_0)
FN:52,(anonymous_1)
FN:64,(anonymous_2)
FNF:3
FNH:0
FNDA:0,(anonymous_0)
FNDA:0,(anonymous_1)
FNDA:0,(anonymous_2)
DA:1,1
DA:2,1
DA:3,1
DA:4,1
DA:5,1
DA:18,0
DA:19,0
DA:20,0
DA:21,0
DA:23,0
DA:27,0
DA:28,0
DA:31,0
DA:32,0
DA:37,0
DA:38,0
DA:41,0
DA:53,0
DA:65,0
DA:78,0
DA:79,0
DA:80,0
DA:83,0
DA:84,0
DA:85,0
DA:88,0
DA:91,0
DA:92,0
DA:93,0
DA:96,0
DA:107,1
LF:31
LH:6
BRDA:19,0,0,0
BRDA:19,0,1,0
BRDA:20,1,0,0
BRDA:20,1,1,0
BRDA:27,2,0,0
BRDA:27,2,1,0
BRDA:31,3,0,0
BRDA:31,3,1,0
BRDA:37,4,0,0
BRDA:37,4,1,0
BRDA:41,5,0,0
BRDA:41,5,1,0
BRDA:84,6,0,0
BRDA:84,6,1,0
BRDA:88,7,0,0
BRDA:88,7,1,0
BRDA:88,8,0,0
BRDA:88,8,1,0
BRDA:92,9,0,0
BRDA:92,9,1,0
BRF:20
BRH:0
end_of_record
TN:
SF:calculators/PetNetworthCalculator.js
FN:20,(anonymous_0)
FN:32,(anonymous_1)
FNF:2
FNH:0
FNDA:0,(anonymous_0)
FNDA:0,(anonymous_1)
DA:1,1
DA:2,1
DA:3,1
DA:4,1
DA:5,1
DA:6,1
DA:21,0
DA:33,0
DA:47,0
DA:48,0
DA:49,0
DA:50,0
DA:53,0
DA:54,0
DA:55,0
DA:59,0
DA:62,0
DA:63,0
DA:64,0
DA:66,0
DA:68,0
DA:69,0
DA:73,0
DA:76,0
DA:90,1
LF:25
LH:7
BRDA:20,0,0,0
BRDA:32,1,0,0
BRDA:54,2,0,0
BRDA:54,2,1,0
BRDA:68,3,0,0
BRDA:68,3,1,0
BRF:6
BRH:0
end_of_record
TN:
SF:calculators/ProfileNetworthCalculator.js
FN:30,(anonymous_0)
FN:64,(anonymous_1)
FN:92,(anonymous_2)
FN:101,(anonymous_3)
FN:174,(anonymous_4)
FN:178,(anonymous_5)
FN:181,(anonymous_6)
FN:208,(anonymous_7)
FN:209,(anonymous_8)
FNF:9
FNH:5
FNDA:9,(anonymous_0)
FNDA:4,(anonymous_1)
FNDA:4,(anonymous_2)
FNDA:0,(anonymous_3)
FNDA:0,(anonymous_4)
FNDA:0,(anonymous_5)
FNDA:0,(anonymous_6)
FNDA:8,(anonymous_7)
FNDA:8,(anonymous_8)
DA:1,1
DA:2,1
DA:3,1
DA:4,1
DA:5,1
DA:6,1
DA:7,1
DA:9,1
DA:31,9
DA:32,9
DA:33,9
DA:34,9
DA:36,9
DA:38,6
DA:39,6
DA:65,4
DA:66,4
DA:67,4
DA:74,9
DA:75,1
DA:78,8
DA:79,1
DA:82,7
DA:83,1
DA:93,4
DA:102,0
DA:112,4
DA:113,4
DA:114,4
DA:115,4
DA:116,4
DA:117,4
DA:120,4
DA:121,4
DA:122,4
DA:126,4
DA:127,0
DA:131,4
DA:132,4
DA:133,8
DA:136,8
DA:137,5
DA:140,2
DA:145,2
DA:146,0
DA:147,0
DA:148,0
DA:150,0
DA:152,2
DA:153,0
DA:157,2
DA:159,2
DA:164,2
DA:165,2
DA:166,2
DA:167,2
DA:168,0
DA:173,8
DA:174,0
DA:177,0
DA:178,0
DA:179,0
DA:180,0
DA:182,0
DA:186,0
DA:187,0
DA:188,0
DA:189,0
DA:190,0
DA:192,0
DA:195,0
DA:197,0
DA:203,8
DA:207,4
DA:208,8
DA:209,8
DA:211,4
DA:224,1
LF:78
LH:56
BRDA:32,0,0,9
BRDA:32,0,1,4
BRDA:33,1,0,9
BRDA:33,1,1,4
BRDA:38,2,0,6
BRDA:38,2,1,0
BRDA:39,3,0,6
BRDA:39,3,1,0
BRDA:74,4,0,1
BRDA:74,4,1,8
BRDA:78,5,0,1
BRDA:78,5,1,7
BRDA:82,6,0,1
BRDA:82,6,1,6
BRDA:82,7,0,7
BRDA:82,7,1,1
BRDA:82,7,2,1
BRDA:121,8,0,4
BRDA:121,8,1,0
BRDA:126,9,0,0
BRDA:126,9,1,4
BRDA:126,10,0,4
BRDA:126,10,1,4
BRDA:137,11,0,3
BRDA:137,11,1,2
BRDA:137,12,0,5
BRDA:137,12,1,3
BRDA:140,13,0,2
BRDA:140,13,1,2
BRDA:145,14,0,0
BRDA:145,14,1,2
BRDA:152,15,0,0
BRDA:152,15,1,2
BRDA:152,16,0,2
BRDA:152,16,1,0
BRDA:152,16,2,0
BRDA:159,17,0,0
BRDA:159,17,1,2
BRDA:164,18,0,0
BRDA:164,18,1,2
BRDA:166,19,0,2
BRDA:166,19,1,0
BRDA:167,20,0,0
BRDA:167,20,1,2
BRDA:167,21,0,2
BRDA:167,21,1,1
BRDA:167,21,2,1
BRDA:173,22,0,0
BRDA:173,22,1,8
BRDA:173,23,0,8
BRDA:173,23,1,5
BRDA:177,24,0,0
BRDA:177,24,1,0
BRDA:179,25,0,0
BRDA:179,25,1,0
BRDA:182,26,0,0
BRDA:182,26,1,0
BRDA:182,26,2,0
BRDA:186,27,0,0
BRDA:186,27,1,0
BRDA:189,28,0,0
BRDA:189,28,1,0
BRDA:190,29,0,0
BRDA:190,29,1,0
BRDA:203,30,0,3
BRDA:203,30,1,5
BRDA:207,31,0,4
BRDA:207,31,1,0
BRDA:207,32,0,4
BRDA:207,32,1,0
BRDA:207,33,0,4
BRDA:207,33,1,0
BRDA:216,34,0,4
BRDA:216,34,1,0
BRDA:217,35,0,4
BRDA:217,35,1,0
BRDA:218,36,0,4
BRDA:218,36,1,0
BRF:78
BRH:46
end_of_record
TN:
SF:calculators/SkyBlockItemNetworthCalculator.js
FN:25,(anonymous_0)
FN:34,(anonymous_1)
FNF:2
FNH:2
FNDA:13,(anonymous_0)
FNDA:3,(anonymous_1)
DA:1,2
DA:2,2
DA:3,2
DA:4,2
DA:26,13
DA:35,3
DA:50,16
DA:51,16
DA:52,16
DA:53,16
DA:54,16
DA:57,16
DA:58,16
DA:59,13
DA:63,15
DA:65,15
DA:67,79
DA:69,79
DA:70,66
DA:74,13
DA:75,0
DA:79,13
DA:82,15
DA:83,1
DA:86,14
DA:98,12
DA:102,2
LF:27
LH:26
BRDA:58,0,0,13
BRDA:58,0,1,3
BRDA:69,1,0,66
BRDA:69,1,1,13
BRDA:74,2,0,0
BRDA:74,2,1,13
BRDA:74,3,0,13
BRDA:74,3,1,0
BRDA:74,3,2,0
BRDA:82,4,0,1
BRDA:82,4,1,14
BRDA:82,5,0,15
BRDA:82,5,1,1
BRDA:94,6,0,12
BRDA:94,6,1,1
BRDA:98,7,0,3
BRDA:98,7,1,9
BRF:17
BRH:14
end_of_record
TN:
SF:calculators/handlers/ArtOfPeace.js
FN:12,(anonymous_0)
FN:21,(anonymous_1)
FNF:2
FNH:2
FNDA:4,(anonymous_0)
FNDA:1,(anonymous_1)
DA:1,2
DA:13,4
DA:22,1
DA:28,1
DA:29,1
DA:33,2
LF:6
LH:6
BRDA:25,0,0,1
BRDA:25,0,1,0
BRF:2
BRH:1
end_of_record
TN:
SF:calculators/handlers/ArtOfWar.js
FN:12,(anonymous_0)
FN:21,(anonymous_1)
FNF:2
FNH:2
FNDA:4,(anonymous_0)
FNDA:1,(anonymous_1)
DA:1,2
DA:13,4
DA:22,1
DA:24,1
DA:30,1
DA:31,1
DA:35,2
LF:7
LH:7
BRDA:27,0,0,1
BRDA:27,0,1,0
BRF:2
BRH:1
end_of_record
TN:
SF:calculators/handlers/Attributes.js
FN:13,(anonymous_0)
FN:22,(anonymous_1)
FN:41,(anonymous_2)
FN:42,(anonymous_3)
FNF:4
FNH:1
FNDA:2,(anonymous_0)
FNDA:0,(anonymous_1)
FNDA:0,(anonymous_2)
FNDA:0,(anonymous_3)
DA:1,1
DA:2,1
DA:14,2
DA:23,0
DA:24,0
DA:25,0
DA:27,0
DA:28,0
DA:29,0
DA:30,0
DA:31,0
DA:35,0
DA:36,0
DA:37,0
DA:41,0
DA:42,0
DA:43,0
DA:45,0
DA:46,0
DA:48,0
DA:49,0
DA:60,1
LF:22
LH:4
BRDA:24,0,0,0
BRDA:24,0,1,0
BRDA:29,1,0,0
BRDA:29,1,1,0
BRDA:29,2,0,0
BRDA:29,2,1,0
BRDA:31,3,0,0
BRDA:31,3,1,0
BRDA:32,4,0,0
BRDA:32,4,1,0
BRDA:36,5,0,0
BRDA:36,5,1,0
BRDA:43,6,0,0
BRDA:43,6,1,0
BRDA:43,7,0,0
BRDA:43,7,1,0
BRDA:43,7,2,0
BRDA:45,8,0,0
BRDA:45,8,1,0
BRF:19
BRH:0
end_of_record
TN:
SF:calculators/handlers/DivanPowderCoating.js
FN:12,(anonymous_0)
FN:21,(anonymous_1)
FNF:2
FNH:1
FNDA:2,(anonymous_0)
FNDA:0,(anonymous_1)
DA:1,1
DA:13,2
DA:22,0
DA:28,0
DA:29,0
DA:33,1
LF:6
LH:3
BRDA:25,0,0,0
BRDA:25,0,1,0
BRF:2
BRH:0
end_of_record
TN:
SF:calculators/handlers/DrillParts.js
FN:14,(anonymous_0)
FN:15,(anonymous_1)
FN:23,(anonymous_2)
FNF:3
FNH:2
FNDA:2,(anonymous_0)
FNDA:6,(anonymous_1)
FNDA:0,(anonymous_2)
DA:1,1
DA:3,1
DA:15,6
DA:24,0
DA:25,0
DA:26,0
DA:32,0
DA:33,0
DA:39,1
LF:9
LH:4
BRDA:25,0,0,0
BRDA:25,0,1,0
BRDA:29,1,0,0
BRDA:29,1,1,0
BRF:4
BRH:0
end_of_record
TN:
SF:calculators/handlers/Dye.js
FN:11,(anonymous_0)
FN:20,(anonymous_1)
FN:29,(anonymous_2)
FNF:3
FNH:1
FNDA:0,(anonymous_0)
FNDA:2,(anonymous_1)
FNDA:0,(anonymous_2)
DA:1,1
DA:12,0
DA:21,2
DA:30,0
DA:36,0
DA:37,0
DA:41,1
LF:7
LH:3
BRDA:33,0,0,0
BRDA:33,0,1,0
BRF:2
BRH:0
end_of_record
TN:
SF:calculators/handlers/EnchantedBook.js
FN:14,(anonymous_0)
FN:23,(anonymous_1)
FNF:2
FNH:1
FNDA:2,(anonymous_0)
FNDA:0,(anonymous_1)
DA:1,1
DA:2,1
DA:3,1
DA:15,2
DA:25,0
DA:26,0
DA:28,0
DA:34,0
DA:35,0
DA:36,0
DA:39,0
DA:40,0
DA:41,0
DA:47,0
DA:48,0
DA:50,0
DA:55,1
LF:17
LH:5
BRDA:15,0,0,2
BRDA:15,0,1,0
BRDA:25,1,0,0
BRDA:25,1,1,0
BRDA:31,2,0,0
BRDA:31,2,1,0
BRDA:36,3,0,0
BRDA:36,3,1,0
BRDA:44,4,0,0
BRDA:44,4,1,0
BRF:10
BRH:1
end_of_record
TN:
SF:calculators/handlers/Enrichment.js
FN:13,(anonymous_0)
FN:22,(anonymous_1)
FN:23,(anonymous_2)
FNF:3
FNH:1
FNDA:2,(anonymous_0)
FNDA:0,(anonymous_1)
FNDA:0,(anonymous_2)
DA:1,1
DA:2,1
DA:14,2
DA:23,0
DA:24,0
DA:25,0
DA:31,0
DA:32,0
DA:37,1
LF:9
LH:4
BRDA:23,0,0,0
BRDA:23,0,1,0
BRDA:24,1,0,0
BRDA:24,1,1,0
BRF:4
BRH:0
end_of_record
TN:
SF:calculators/handlers/EssenceStars.js
FN:12,(anonymous_0)
FN:23,(anonymous_1)
FNF:2
FNH:1
FNDA:2,(anonymous_0)
FNDA:0,(anonymous_1)
DA:1,1
DA:13,2
DA:14,2
DA:15,2
DA:24,0
DA:25,0
DA:26,0
DA:27,0
DA:31,1
LF:9
LH:5
BRDA:13,0,0,2
BRDA:13,0,1,2
BRDA:14,1,0,2
BRDA:14,1,1,2
BRDA:15,2,0,2
BRDA:15,2,1,0
BRDA:15,2,2,0
BRDA:24,3,0,0
BRDA:24,3,1,0
BRDA:25,4,0,0
BRDA:25,4,1,0
BRF:11
BRH:5
end_of_record
TN:
SF:calculators/handlers/EtherwarpConduit.js
FN:12,(anonymous_0)
FN:21,(anonymous_1)
FNF:2
FNH:1
FNDA:2,(anonymous_0)
FNDA:0,(anonymous_1)
DA:1,1
DA:13,2
DA:22,0
DA:29,0
DA:30,0
DA:34,1
LF:6
LH:3
BRDA:25,0,0,0
BRDA:25,0,1,0
BRF:2
BRH:0
end_of_record
TN:
SF:calculators/handlers/FarmingForDummies.js
FN:12,(anonymous_0)
FN:21,(anonymous_1)
FNF:2
FNH:1
FNDA:2,(anonymous_0)
FNDA:0,(anonymous_1)
DA:1,1
DA:13,2
DA:22,0
DA:28,0
DA:29,0
DA:33,1
LF:6
LH:3
BRDA:25,0,0,0
BRDA:25,0,1,0
BRF:2
BRH:0
end_of_record
TN:
SF:calculators/handlers/GemstonePowerScroll.js
FN:12,(anonymous_0)
FN:21,(anonymous_1)
FNF:2
FNH:1
FNDA:2,(anonymous_0)
FNDA:0,(anonymous_1)
DA:1,1
DA:13,2
DA:22,0
DA:28,0
DA:29,0
DA:33,1
LF:6
LH:3
BRDA:25,0,0,0
BRDA:25,0,1,0
BRF:2
BRH:0
end_of_record
TN:
SF:calculators/handlers/Gemstones.js
FN:13,(anonymous_0)
FN:22,(anonymous_1)
FN:31,(anonymous_2)
FN:42,(anonymous_3)
FN:66,(anonymous_4)
FN:67,(anonymous_5)
FNF:6
FNH:1
FNDA:2,(anonymous_0)
FNDA:0,(anonymous_1)
FNDA:0,(anonymous_2)
FNDA:0,(anonymous_3)
FNDA:0,(anonymous_4)
FNDA:0,(anonymous_5)
DA:1,1
DA:2,1
DA:14,2
DA:23,0
DA:24,0
DA:26,0
DA:27,0
DA:28,0
DA:30,0
DA:31,0
DA:32,0
DA:33,0
DA:34,0
DA:35,0
DA:36,0
DA:37,0
DA:41,0
DA:42,0
DA:43,0
DA:44,0
DA:45,0
DA:51,0
DA:52,0
DA:59,0
DA:60,0
DA:61,0
DA:62,0
DA:63,0
DA:64,0
DA:65,0
DA:66,0
DA:67,0
DA:68,0
DA:69,0
DA:70,0
DA:71,0
DA:72,0
DA:75,0
DA:81,0
DA:82,0
DA:84,0
DA:91,0
DA:92,0
DA:98,0
DA:99,0
DA:104,1
LF:46
LH:4
BRDA:14,0,0,2
BRDA:14,0,1,0
BRDA:26,1,0,0
BRDA:26,1,1,0
BRDA:32,2,0,0
BRDA:32,2,1,0
BRDA:32,3,0,0
BRDA:32,3,1,0
BRDA:34,4,0,0
BRDA:34,4,1,0
BRDA:41,5,0,0
BRDA:41,5,1,0
BRDA:42,6,0,0
BRDA:42,6,1,0
BRDA:43,7,0,0
BRDA:43,7,1,0
BRDA:44,8,0,0
BRDA:44,8,1,0
BRDA:47,9,0,0
BRDA:47,9,1,0
BRDA:52,10,0,0
BRDA:52,10,1,0
BRDA:52,11,0,0
BRDA:52,11,1,0
BRDA:61,12,0,0
BRDA:61,12,1,0
BRDA:61,13,0,0
BRDA:61,13,1,0
BRDA:62,14,0,0
BRDA:62,14,1,0
BRDA:63,15,0,0
BRDA:63,15,1,0
BRDA:68,16,0,0
BRDA:68,16,1,0
BRDA:70,17,0,0
BRDA:70,17,1,0
BRDA:71,18,0,0
BRDA:71,18,1,0
BRDA:72,19,0,0
BRDA:72,19,1,0
BRDA:72,20,0,0
BRDA:72,20,1,0
BRDA:95,21,0,0
BRDA:95,21,1,0
BRF:44
BRH:1
end_of_record
TN:
SF:calculators/handlers/GodRollAttributes.js
FN:10,(anonymous_0)
FN:19,(anonymous_1)
FN:20,(anonymous_2)
FN:22,(anonymous_3)
FNF:4
FNH:1
FNDA:2,(anonymous_0)
FNDA:0,(anonymous_1)
FNDA:0,(anonymous_2)
FNDA:0,(anonymous_3)
DA:11,2
DA:20,0
DA:21,0
DA:22,0
DA:23,0
DA:24,0
DA:25,0
DA:26,0
DA:27,0
DA:37,1
LF:10
LH:2
BRDA:11,0,0,2
BRDA:11,0,1,2
BRDA:24,1,0,0
BRDA:24,1,1,0
BRF:4
BRH:2
end_of_record
TN:
SF:calculators/handlers/HotPotatoBook.js
FN:12,(anonymous_0)
FN:21,(anonymous_1)
FNF:2
FNH:1
FNDA:2,(anonymous_0)
FNDA:0,(anonymous_1)
DA:1,1
DA:13,2
DA:22,0
DA:23,0
DA:24,0
DA:26,0
DA:33,0
DA:34,0
DA:37,0
DA:38,0
DA:45,0
DA:46,0
DA:50,1
LF:13
LH:3
BRDA:23,0,0,0
BRDA:23,0,1,0
BRDA:29,1,0,0
BRDA:29,1,1,0
BRDA:41,2,0,0
BRDA:41,2,1,0
BRF:6
BRH:0
end_of_record
TN:
SF:calculators/handlers/ItemEnchantments.js
FN:13,(anonymous_0)
FN:22,(anonymous_1)
FNF:2
FNH:1
FNDA:2,(anonymous_0)
FNDA:0,(anonymous_1)
DA:1,1
DA:2,1
DA:14,2
DA:23,0
DA:24,0
DA:25,0
DA:26,0
DA:29,0
DA:32,0
DA:33,0
DA:35,0
DA:36,0
DA:42,0
DA:43,0
DA:48,0
DA:49,0
DA:55,0
DA:56,0
DA:60,0
DA:61,0
DA:67,0
DA:68,0
DA:71,0
DA:77,0
DA:78,0
DA:79,0
DA:85,1
LF:27
LH:4
BRDA:14,0,0,2
BRDA:14,0,1,2
BRDA:25,1,0,0
BRDA:25,1,1,0
BRDA:26,2,0,0
BRDA:26,2,1,0
BRDA:29,3,0,0
BRDA:29,3,1,0
BRDA:32,4,0,0
BRDA:32,4,1,0
BRDA:32,5,0,0
BRDA:32,5,1,0
BRDA:32,5,2,0
BRDA:33,6,0,0
BRDA:33,6,1,0
BRDA:35,7,0,0
BRDA:35,7,1,0
BRDA:39,8,0,0
BRDA:39,8,1,0
BRDA:48,9,0,0
BRDA:48,9,1,0
BRDA:48,10,0,0
BRDA:48,10,1,0
BRDA:52,11,0,0
BRDA:52,11,1,0
BRDA:60,12,0,0
BRDA:60,12,1,0
BRDA:60,13,0,0
BRDA:60,13,1,0
BRDA:64,14,0,0
BRDA:64,14,1,0
BRDA:74,15,0,0
BRDA:74,15,1,0
BRDA:74,16,0,0
BRDA:74,16,1,0
BRDA:77,17,0,0
BRDA:77,17,1,0
BRF:37
BRH:2
end_of_record
TN:
SF:calculators/handlers/JalapenoBook.js
FN:12,(anonymous_0)
FN:21,(anonymous_1)
FNF:2
FNH:1
FNDA:2,(anonymous_0)
FNDA:0,(anonymous_1)
DA:1,1
DA:13,2
DA:22,0
DA:28,0
DA:29,0
DA:33,1
LF:6
LH:3
BRDA:25,0,0,0
BRDA:25,0,1,0
BRF:2
BRH:0
end_of_record
TN:
SF:calculators/handlers/ManaDisintegrator.js
FN:12,(anonymous_0)
FN:21,(anonymous_1)
FNF:2
FNH:1
FNDA:2,(anonymous_0)
FNDA:0,(anonymous_1)
DA:1,1
DA:13,2
DA:22,0
DA:28,0
DA:29,0
DA:33,1
LF:6
LH:3
BRDA:25,0,0,0
BRDA:25,0,1,0
BRF:2
BRH:0
end_of_record
TN:
SF:calculators/handlers/MasterStars.js
FN:13,(anonymous_0)
FN:24,(anonymous_1)
FNF:2
FNH:1
FNDA:2,(anonymous_0)
FNDA:0,(anonymous_1)
DA:1,1
DA:2,1
DA:14,2
DA:15,2
DA:16,2
DA:25,0
DA:26,0
DA:27,0
DA:28,0
DA:29,0
DA:31,0
DA:32,0
DA:33,0
DA:39,0
DA:40,0
DA:46,1
LF:16
LH:6
BRDA:14,0,0,2
BRDA:14,0,1,2
BRDA:15,1,0,2
BRDA:15,1,1,2
BRDA:16,2,0,2
BRDA:16,2,1,0
BRDA:16,2,2,0
BRDA:25,3,0,0
BRDA:25,3,1,0
BRDA:26,4,0,0
BRDA:26,4,1,0
BRDA:28,5,0,0
BRDA:28,5,1,0
BRDA:31,6,0,0
BRDA:31,6,1,0
BRDA:36,7,0,0
BRDA:36,7,1,0
BRF:17
BRH:5
end_of_record
TN:
SF:calculators/handlers/MidasWeapon.js
FN:12,(anonymous_0)
FN:21,(anonymous_1)
FNF:2
FNH:1
FNDA:2,(anonymous_0)
FNDA:0,(anonymous_1)
DA:1,1
DA:13,2
DA:23,0
DA:24,0
DA:25,0
DA:26,0
DA:27,0
DA:28,0
DA:29,0
DA:30,0
DA:31,0
DA:32,0
DA:33,0
DA:34,0
DA:38,0
DA:39,0
DA:45,0
DA:46,0
DA:49,0
DA:55,0
DA:56,0
DA:58,0
DA:59,0
DA:65,0
DA:66,0
DA:72,1
LF:26
LH:3
BRDA:23,0,0,0
BRDA:23,0,1,0
BRDA:26,1,0,0
BRDA:26,1,1,0
BRDA:29,2,0,0
BRDA:29,2,1,0
BRDA:32,3,0,0
BRDA:32,3,1,0
BRDA:38,4,0,0
BRDA:38,4,1,0
BRDA:38,5,0,0
BRDA:38,5,1,0
BRDA:42,6,0,0
BRDA:42,6,1,0
BRDA:58,7,0,0
BRDA:58,7,1,0
BRF:16
BRH:0
end_of_record
TN:
SF:calculators/handlers/NecronBladeScrolls.js
FN:12,(anonymous_0)
FN:21,(anonymous_1)
FNF:2
FNH:1
FNDA:2,(anonymous_0)
FNDA:0,(anonymous_1)
DA:1,1
DA:13,2
DA:22,0
DA:23,0
DA:29,0
DA:30,0
DA:35,1
LF:7
LH:3
BRDA:26,0,0,0
BRDA:26,0,1,0
BRF:2
BRH:0
end_of_record
TN:
SF:calculators/handlers/NewYearCakeBag.js
FN:10,(anonymous_0)
FN:19,(anonymous_1)
FNF:2
FNH:1
FNDA:2,(anonymous_0)
FNDA:0,(anonymous_1)
DA:11,2
DA:20,0
DA:21,0
DA:23,0
DA:30,0
DA:31,0
DA:35,1
LF:7
LH:2
BRDA:21,0,0,0
BRDA:21,0,1,0
BRF:2
BRH:0
end_of_record
TN:
SF:calculators/handlers/PetCandy.js
FN:13,(anonymous_0)
FN:23,(anonymous_1)
FNF:2
FNH:0
FNDA:0,(anonymous_0)
FNDA:0,(anonymous_1)
DA:1,1
DA:2,1
DA:14,0
DA:15,0
DA:16,0
DA:24,0
DA:25,0
DA:26,0
DA:27,0
DA:28,0
DA:30,0
DA:36,0
DA:41,1
LF:13
LH:3
BRDA:16,0,0,0
BRDA:16,0,1,0
BRDA:16,0,2,0
BRDA:25,1,0,0
BRDA:25,1,1,0
BRDA:27,2,0,0
BRDA:27,2,1,0
BRF:7
BRH:0
end_of_record
TN:
SF:calculators/handlers/PetItem.js
FN:12,(anonymous_0)
FN:21,(anonymous_1)
FNF:2
FNH:0
FNDA:0,(anonymous_0)
FNDA:0,(anonymous_1)
DA:1,1
DA:13,0
DA:22,0
DA:29,0
DA:30,0
DA:34,1
LF:6
LH:2
BRDA:25,0,0,0
BRDA:25,0,1,0
BRF:2
BRH:0
end_of_record
TN:
SF:calculators/handlers/Pickonimbus.js
FN:12,(anonymous_0)
FN:21,(anonymous_1)
FNF:2
FNH:1
FNDA:2,(anonymous_0)
FNDA:0,(anonymous_1)
DA:1,1
DA:13,2
DA:22,0
DA:24,0
DA:31,0
DA:32,0
DA:36,1
LF:7
LH:3
BRDA:13,0,0,2
BRDA:13,0,1,0
BRF:2
BRH:1
end_of_record
TN:
SF:calculators/handlers/PocketSackInASack.js
FN:12,(anonymous_0)
FN:21,(anonymous_1)
FNF:2
FNH:1
FNDA:2,(anonymous_0)
FNDA:0,(anonymous_1)
DA:1,1
DA:13,2
DA:22,0
DA:28,0
DA:29,0
DA:33,1
LF:6
LH:3
BRDA:25,0,0,0
BRDA:25,0,1,0
BRF:2
BRH:0
end_of_record
TN:
SF:calculators/handlers/PolarvoidBook.js
FN:12,(anonymous_0)
FN:21,(anonymous_1)
FNF:2
FNH:1
FNDA:2,(anonymous_0)
FNDA:0,(anonymous_1)
DA:1,1
DA:13,2
DA:22,0
DA:28,0
DA:29,0
DA:33,1
LF:6
LH:3
BRDA:25,0,0,0
BRDA:25,0,1,0
BRF:2
BRH:0
end_of_record
TN:
SF:calculators/handlers/Prestige.js
FN:14,(anonymous_0)
FN:23,(anonymous_1)
FNF:2
FNH:1
FNDA:2,(anonymous_0)
FNDA:0,(anonymous_1)
DA:1,1
DA:2,1
DA:3,1
DA:15,2
DA:24,0
DA:25,0
DA:26,0
DA:27,0
DA:28,0
DA:29,0
DA:30,0
DA:35,1
LF:12
LH:5
BRDA:24,0,0,0
BRDA:24,0,1,0
BRDA:28,1,0,0
BRDA:28,1,1,0
BRDA:29,2,0,0
BRDA:29,2,1,0
BRDA:30,3,0,0
BRDA:30,3,1,0
BRF:8
BRH:0
end_of_record
TN:
SF:calculators/handlers/PulseRingThunder.js
FN:12,(anonymous_0)
FN:21,(anonymous_1)
FNF:2
FNH:1
FNDA:2,(anonymous_0)
FNDA:0,(anonymous_1)
DA:1,1
DA:13,2
DA:22,0
DA:23,0
DA:29,0
DA:30,0
DA:34,1
LF:7
LH:3
BRDA:13,0,0,2
BRDA:13,0,1,0
BRDA:26,1,0,0
BRDA:26,1,1,0
BRF:4
BRH:1
end_of_record
TN:
SF:calculators/handlers/Recombobulator.js
FN:13,(anonymous_0)
FN:25,(anonymous_1)
FNF:2
FNH:1
FNDA:2,(anonymous_0)
FNDA:0,(anonymous_1)
DA:1,1
DA:2,1
DA:14,2
DA:15,2
DA:16,2
DA:17,2
DA:26,0
DA:27,0
DA:34,0
DA:35,0
DA:39,1
LF:11
LH:7
BRDA:14,0,0,2
BRDA:14,0,1,2
BRDA:15,1,0,0
BRDA:15,1,1,2
BRDA:16,2,0,2
BRDA:16,2,1,2
BRDA:17,3,0,2
BRDA:17,3,1,0
BRDA:17,3,2,0
BRDA:17,3,3,0
BRDA:26,4,0,0
BRDA:26,4,1,0
BRDA:30,5,0,0
BRDA:30,5,1,0
BRF:14
BRH:6
end_of_record
TN:
SF:calculators/handlers/Reforge.js
FN:13,(anonymous_0)
FN:22,(anonymous_1)
FNF:2
FNH:1
FNDA:2,(anonymous_0)
FNDA:0,(anonymous_1)
DA:1,1
DA:2,1
DA:14,2
DA:23,0
DA:25,0
DA:26,0
DA:32,0
DA:33,0
DA:38,1
LF:9
LH:4
BRDA:14,0,0,2
BRDA:14,0,1,0
BRDA:25,1,0,0
BRDA:25,1,1,0
BRDA:29,2,0,0
BRDA:29,2,1,0
BRF:6
BRH:1
end_of_record
TN:
SF:calculators/handlers/Rune.js
FN:11,(anonymous_0)
FN:20,(anonymous_1)
FN:29,(anonymous_2)
FNF:3
FNH:1
FNDA:0,(anonymous_0)
FNDA:2,(anonymous_1)
FNDA:0,(anonymous_2)
DA:1,1
DA:12,0
DA:21,2
DA:30,0
DA:31,0
DA:32,0
DA:33,0
DA:39,0
DA:40,0
DA:45,1
LF:10
LH:3
BRDA:21,0,0,2
BRDA:21,0,1,0
BRDA:21,0,2,0
BRDA:32,1,0,0
BRDA:32,1,1,0
BRDA:36,2,0,0
BRDA:36,2,1,0
BRF:7
BRH:1
end_of_record
TN:
SF:calculators/handlers/ShensAuction.js
FN:12,(anonymous_0)
FN:20,(anonymous_1)
FNF:2
FNH:1
FNDA:2,(anonymous_0)
FNDA:0,(anonymous_1)
DA:1,1
DA:13,2
DA:21,0
DA:22,0
DA:23,0
DA:24,0
DA:34,1
LF:7
LH:3
BRDA:13,0,0,2
BRDA:13,0,1,0
BRDA:13,0,2,0
BRDA:22,1,0,0
BRDA:22,1,1,0
BRF:5
BRH:1
end_of_record
TN:
SF:calculators/handlers/SoulboundPetSkin.js
FN:12,(anonymous_0)
FN:21,(anonymous_1)
FNF:2
FNH:0
FNDA:0,(anonymous_0)
FNDA:0,(anonymous_1)
DA:1,1
DA:13,0
DA:22,0
DA:23,0
DA:26,0
DA:33,0
DA:34,0
DA:38,1
LF:8
LH:2
BRDA:13,0,0,0
BRDA:13,0,1,0
BRDA:13,0,2,0
BRDA:22,1,0,0
BRDA:22,1,1,0
BRDA:29,2,0,0
BRDA:29,2,1,0
BRF:7
BRH:0
end_of_record
TN:
SF:calculators/handlers/TransmissionTuner.js
FN:12,(anonymous_0)
FN:21,(anonymous_1)
FNF:2
FNH:1
FNDA:2,(anonymous_0)
FNDA:0,(anonymous_1)
DA:1,1
DA:13,2
DA:22,0
DA:28,0
DA:29,0
DA:33,1
LF:6
LH:3
BRDA:25,0,0,0
BRDA:25,0,1,0
BRF:2
BRH:0
end_of_record
TN:
SF:calculators/handlers/WoodSingularity.js
FN:12,(anonymous_0)
FN:21,(anonymous_1)
FNF:2
FNH:1
FNDA:2,(anonymous_0)
FNDA:0,(anonymous_1)
DA:1,1
DA:13,2
DA:22,0
DA:28,0
DA:29,0
DA:33,1
LF:6
LH:3
BRDA:25,0,0,0
BRDA:25,0,1,0
BRF:2
BRH:0
end_of_record
TN:
SF:calculators/helpers/PetNetworthHelper.js
FN:13,(anonymous_0)
FN:53,(anonymous_1)
FN:61,(anonymous_2)
FN:69,(anonymous_3)
FN:78,(anonymous_4)
FN:103,(anonymous_5)
FN:138,(anonymous_6)
FN:147,(anonymous_7)
FN:167,(anonymous_8)
FNF:9
FNH:9
FNDA:15,(anonymous_0)
FNDA:15,(anonymous_1)
FNDA:1,(anonymous_2)
FNDA:2,(anonymous_3)
FNDA:5,(anonymous_4)
FNDA:3,(anonymous_5)
FNDA:1,(anonymous_6)
FNDA:13,(anonymous_7)
FNDA:1387,(anonymous_8)
DA:1,2
DA:2,2
DA:3,2
DA:14,15
DA:17,15
DA:20,12
DA:21,12
DA:22,12
DA:23,12
DA:24,12
DA:25,12
DA:26,12
DA:31,12
DA:32,12
DA:33,12
DA:40,15
DA:41,1
DA:44,14
DA:45,2
DA:54,15
DA:62,1
DA:70,2
DA:80,5
DA:87,5
DA:88,0
DA:95,5
DA:105,3
DA:106,3
DA:107,0
DA:111,3
DA:112,3
DA:113,2
DA:114,2
DA:115,1
DA:120,3
DA:121,1
DA:122,1
DA:123,1
DA:124,1
DA:125,1
DA:130,3
DA:139,1
DA:140,1
DA:148,13
DA:149,13
DA:150,13
DA:151,13
DA:153,13
DA:154,13
DA:155,13
DA:156,467
DA:157,467
DA:158,13
DA:159,13
DA:162,454
DA:165,13
DA:167,1387
DA:173,2
LF:58
LH:56
BRDA:24,0,0,1
BRDA:24,0,1,11
BRDA:26,1,0,12
BRDA:26,1,1,12
BRDA:27,2,0,1
BRDA:27,2,1,11
BRDA:40,3,0,1
BRDA:40,3,1,14
BRDA:40,4,0,15
BRDA:40,4,1,14
BRDA:44,5,0,2
BRDA:44,5,1,12
BRDA:44,6,0,14
BRDA:44,6,1,13
BRDA:44,6,2,12
BRDA:54,7,0,3
BRDA:54,7,1,12
BRDA:81,8,0,5
BRDA:81,8,1,3
BRDA:82,9,0,5
BRDA:82,9,1,1
BRDA:83,10,0,5
BRDA:83,10,1,4
BRDA:87,11,0,0
BRDA:87,11,1,5
BRDA:87,12,0,5
BRDA:87,12,1,0
BRDA:89,13,0,0
BRDA:89,13,1,0
BRDA:90,14,0,0
BRDA:90,14,1,0
BRDA:91,15,0,0
BRDA:91,15,1,0
BRDA:106,16,0,0
BRDA:106,16,1,3
BRDA:106,17,0,3
BRDA:106,17,1,3
BRDA:106,17,2,0
BRDA:111,18,0,3
BRDA:111,18,1,2
BRDA:112,19,0,2
BRDA:112,19,1,1
BRDA:112,20,0,3
BRDA:112,20,1,2
BRDA:114,21,0,1
BRDA:114,21,1,1
BRDA:120,22,0,1
BRDA:120,22,1,2
BRDA:120,23,0,3
BRDA:120,23,1,1
BRDA:122,24,0,1
BRDA:122,24,1,0
BRDA:124,25,0,1
BRDA:124,25,1,0
BRDA:140,26,0,0
BRDA:140,26,1,1
BRDA:140,27,0,1
BRDA:140,27,1,0
BRDA:148,28,0,1
BRDA:148,28,1,12
BRDA:149,29,0,1
BRDA:149,29,1,12
BRDA:150,30,0,0
BRDA:150,30,1,13
BRDA:157,31,0,13
BRDA:157,31,1,454
BRF:66
BRH:51
end_of_record
TN:
SF:calculators/helpers/SkyBlockItemNetworthHelper.js
FN:14,(anonymous_0)
FN:54,(anonymous_1)
FN:120,(anonymous_2)
FN:139,(anonymous_3)
FN:150,(anonymous_4)
FN:161,(anonymous_5)
FN:174,(anonymous_6)
FN:182,(anonymous_7)
FN:190,(anonymous_8)
FNF:9
FNH:9
FNDA:28,(anonymous_0)
FNDA:19,(anonymous_1)
FNDA:8,(anonymous_2)
FNDA:21,(anonymous_3)
FNDA:21,(anonymous_4)
FNDA:5,(anonymous_5)
FNDA:2,(anonymous_6)
FNDA:3,(anonymous_7)
FNDA:5,(anonymous_8)
DA:1,2
DA:2,2
DA:3,2
DA:4,2
DA:15,28
DA:18,28
DA:21,26
DA:22,26
DA:23,26
DA:24,26
DA:25,26
DA:26,26
DA:27,26
DA:30,26
DA:31,26
DA:32,26
DA:33,26
DA:40,28
DA:41,1
DA:44,27
DA:45,1
DA:56,19
DA:57,2
DA:58,2
DA:59,1
DA:64,18
DA:65,1
DA:66,1
DA:67,1
DA:72,17
DA:73,2
DA:74,2
DA:78,15
DA:79,1
DA:83,14
DA:84,2
DA:88,12
DA:89,1
DA:93,11
DA:94,1
DA:98,10
DA:99,1
DA:103,9
DA:104,1
DA:108,8
DA:109,1
DA:113,7
DA:121,8
DA:122,1
DA:123,1
DA:124,1
DA:127,7
DA:128,1
DA:129,1
DA:132,6
DA:140,21
DA:141,21
DA:143,21
DA:151,21
DA:152,21
DA:154,21
DA:162,5
DA:163,5
DA:164,5
DA:165,5
DA:167,5
DA:175,2
DA:183,3
DA:192,5
DA:193,5
DA:196,5
DA:197,5
DA:198,5
DA:201,5
DA:202,1
DA:203,1
DA:208,2
LF:77
LH:77
BRDA:22,0,0,26
BRDA:22,0,1,0
BRDA:24,1,0,26
BRDA:24,1,1,0
BRDA:25,2,0,26
BRDA:25,2,1,16
BRDA:26,3,0,26
BRDA:26,3,1,14
BRDA:40,4,0,1
BRDA:40,4,1,27
BRDA:40,5,0,28
BRDA:40,5,1,27
BRDA:44,6,0,1
BRDA:44,6,1,26
BRDA:56,7,0,2
BRDA:56,7,1,17
BRDA:56,8,0,19
BRDA:56,8,1,2
BRDA:58,9,0,1
BRDA:58,9,1,1
BRDA:58,10,0,2
BRDA:58,10,1,1
BRDA:64,11,0,1
BRDA:64,11,1,17
BRDA:64,12,0,18
BRDA:64,12,1,1
BRDA:66,13,0,1
BRDA:66,13,1,0
BRDA:72,14,0,2
BRDA:72,14,1,15
BRDA:72,15,0,17
BRDA:72,15,1,16
BRDA:72,15,2,2
BRDA:78,16,0,1
BRDA:78,16,1,14
BRDA:83,17,0,2
BRDA:83,17,1,12
BRDA:83,18,0,14
BRDA:83,18,1,2
BRDA:88,19,0,1
BRDA:88,19,1,11
BRDA:88,20,0,12
BRDA:88,20,1,1
BRDA:93,21,0,1
BRDA:93,21,1,10
BRDA:93,22,0,11
BRDA:93,22,1,1
BRDA:98,23,0,1
BRDA:98,23,1,9
BRDA:98,24,0,10
BRDA:98,24,1,1
BRDA:103,25,0,1
BRDA:103,25,1,8
BRDA:103,26,0,9
BRDA:103,26,1,1
BRDA:108,27,0,1
BRDA:108,27,1,7
BRDA:108,28,0,8
BRDA:108,28,1,1
BRDA:108,28,2,1
BRDA:121,29,0,1
BRDA:121,29,1,7
BRDA:123,30,0,1
BRDA:123,30,1,0
BRDA:127,31,0,1
BRDA:127,31,1,6
BRDA:128,32,0,1
BRDA:128,32,1,0
BRDA:141,33,0,21
BRDA:141,33,1,2
BRDA:143,34,0,21
BRDA:143,34,1,2
BRDA:152,35,0,21
BRDA:152,35,1,2
BRDA:154,36,0,21
BRDA:154,36,1,1
BRDA:163,37,0,5
BRDA:163,37,1,5
BRDA:164,38,0,5
BRDA:164,38,1,4
BRDA:167,39,0,5
BRDA:167,39,1,4
BRDA:167,39,2,4
BRDA:167,39,3,4
BRDA:167,39,4,4
BRDA:175,40,0,2
BRDA:175,40,1,0
BRDA:183,41,0,3
BRDA:183,41,1,3
BRDA:183,41,2,3
BRDA:196,42,0,5
BRDA:196,42,1,3
BRDA:201,43,0,1
BRDA:201,43,1,4
BRDA:201,44,0,5
BRDA:201,44,1,3
BRF:96
BRH:90
end_of_record
TN:
SF:calculators/helpers/handlers.js
FNF:0
FNH:0
DA:1,1
DA:2,1
DA:3,1
DA:4,1
DA:5,1
DA:6,1
DA:7,1
DA:8,1
DA:9,1
DA:10,1
DA:11,1
DA:12,1
DA:13,1
DA:14,1
DA:15,1
DA:16,1
DA:17,1
DA:18,1
DA:19,1
DA:20,1
DA:21,1
DA:22,1
DA:23,1
DA:24,1
DA:25,1
DA:26,1
DA:27,1
DA:28,1
DA:29,1
DA:30,1
DA:31,1
DA:32,1
DA:33,1
DA:36,1
DA:72,1
LF:35
LH:35
BRF:0
BRH:0
end_of_record
TN:
SF:constants/applicationWorth.js
FNF:0
FNH:0
DA:1,4
DA:42,4
DA:51,4
LF:3
LH:3
BRF:0
BRH:0
end_of_record
TN:
SF:constants/itemsMap.js
FN:9,setItems
FN:22,loadItems
FN:34,getHypixelItemInformationFromId
FNF:3
FNH:2
FNDA:0,setItems
FNDA:1,loadItems
FNDA:2,getHypixelItemInformationFromId
DA:1,1
DA:2,1
DA:4,1
DA:6,1
DA:7,1
DA:10,0
DA:11,0
DA:12,0
DA:16,0
DA:17,0
DA:18,0
DA:19,0
DA:23,1
DA:24,1
DA:25,1
DA:26,1
DA:27,1
DA:28,1
DA:32,1
DA:35,2
DA:38,1
LF:21
LH:14
BRDA:16,0,0,0
BRDA:16,0,1,0
BRDA:24,1,0,1
BRDA:24,1,1,0
BRF:4
BRH:1
end_of_record
TN:
SF:constants/misc.js
FNF:0
FNH:0
DA:1,1
DA:10,1
DA:14,1
DA:16,1
DA:18,1
DA:20,1
DA:21,1
DA:34,1
DA:46,1
DA:60,1
DA:62,1
DA:80,1
DA:82,1
DA:95,1
LF:14
LH:14
BRF:0
BRH:0
end_of_record
TN:
SF:constants/pets.js
FNF:0
FNH:0
DA:1,2
DA:3,2
DA:5,2
DA:7,2
DA:9,2
DA:11,2
DA:13,2
DA:27,2
DA:32,2
LF:9
LH:9
BRF:0
BRH:0
end_of_record
TN:
SF:constants/prestiges.js
FNF:0
FNH:0
DA:1,1
DA:84,1
LF:2
LH:2
BRF:0
BRH:0
end_of_record
TN:
SF:constants/reforges.js
FNF:0
FNH:0
DA:1,1
DA:74,1
LF:2
LH:2
BRF:0
BRH:0
end_of_record
TN:
SF:helper/decode.js
FN:4,decodeItems
FN:7,(anonymous_1)
FN:13,(anonymous_2)
FN:14,(anonymous_3)
FN:29,(anonymous_4)
FN:35,decodeItemsObject
FN:38,(anonymous_6)
FN:44,decodeItem
FN:46,(anonymous_8)
FN:47,(anonymous_9)
FNF:10
FNH:10
FNDA:8,decodeItems
FNDA:6,(anonymous_1)
FNDA:5,(anonymous_2)
FNDA:5,(anonymous_3)
FNDA:6,(anonymous_4)
FNDA:4,decodeItemsObject
FNDA:2,(anonymous_6)
FNDA:2,decodeItem
FNDA:2,(anonymous_8)
FNDA:2,(anonymous_9)
DA:1,3
DA:2,3
DA:5,8
DA:6,8
DA:8,6
DA:9,6
DA:10,1
DA:13,5
DA:14,5
DA:15,5
DA:16,3
DA:20,3
DA:21,3
DA:22,3
DA:24,2
DA:29,7
DA:31,1
DA:36,4
DA:37,4
DA:38,3
DA:40,1
DA:45,2
DA:46,2
DA:47,2
DA:48,2
DA:49,1
DA:53,1
DA:54,1
DA:55,1
DA:57,1
DA:61,3
LF:31
LH:31
BRDA:9,0,0,1
BRDA:9,0,1,5
BRDA:9,1,0,6
BRDA:9,1,1,5
BRDA:15,2,0,2
BRDA:15,2,1,3
BRDA:38,3,0,2
BRDA:38,3,1,1
BRDA:48,4,0,1
BRDA:48,4,1,1
BRF:10
BRH:10
end_of_record
TN:
SF:helper/errors.js
FN:2,(anonymous_0)
FN:9,(anonymous_1)
FN:16,(anonymous_2)
FN:23,(anonymous_3)
FNF:4
FNH:4
FNDA:1,(anonymous_0)
FNDA:4,(anonymous_1)
FNDA:1,(anonymous_2)
FNDA:9,(anonymous_3)
DA:3,1
DA:4,1
DA:10,4
DA:11,4
DA:17,1
DA:18,1
DA:24,9
DA:25,9
DA:29,7
LF:9
LH:9
BRF:0
BRH:0
end_of_record
TN:
SF:helper/essenceStars.js
FN:3,starCost
FN:17,starCosts
FN:46,(anonymous_2)
FNF:3
FNH:3
FNDA:7,starCost
FNDA:2,starCosts
FNDA:1,(anonymous_2)
DA:1,2
DA:4,7
DA:5,7
DA:7,6
DA:13,6
DA:14,6
DA:18,2
DA:19,2
DA:20,2
DA:21,2
DA:22,3
DA:24,3
DA:25,1
DA:26,1
DA:27,1
DA:28,1
DA:29,1
DA:30,1
DA:34,2
DA:35,2
DA:36,2
DA:37,1
DA:38,1
DA:43,2
DA:44,1
DA:45,1
DA:47,1
DA:48,1
DA:53,1
DA:54,1
DA:55,1
DA:57,2
DA:60,2
LF:33
LH:33
BRDA:4,0,0,4
BRDA:4,0,1,3
BRDA:5,1,0,1
BRDA:5,1,1,6
BRDA:8,2,0,4
BRDA:8,2,1,2
BRDA:9,3,0,3
BRDA:9,3,1,3
BRDA:10,4,0,6
BRDA:10,4,1,1
BRDA:10,5,0,6
BRDA:10,5,1,0
BRDA:10,6,0,4
BRDA:10,6,1,2
BRDA:11,7,0,6
BRDA:11,7,1,1
BRDA:13,8,0,3
BRDA:13,8,1,3
BRDA:24,9,0,1
BRDA:24,9,1,2
BRDA:28,10,0,1
BRDA:28,10,1,0
BRDA:28,11,0,1
BRDA:28,11,1,1
BRDA:36,12,0,1
BRDA:36,12,1,1
BRDA:36,13,0,2
BRDA:36,13,1,1
BRDA:43,14,0,1
BRDA:43,14,1,1
BRDA:43,15,0,2
BRDA:43,15,1,1
BRDA:43,15,2,1
BRDA:47,16,0,1
BRDA:47,16,1,0
BRDA:50,17,0,1
BRDA:50,17,1,0
BRDA:50,18,0,1
BRDA:50,18,1,0
BRDA:53,19,0,1
BRDA:53,19,1,0
BRDA:53,20,0,1
BRDA:53,20,1,1
BRF:43
BRH:37
end_of_record
TN:
SF:helper/functions.js
FN:1,titleCase
FN:12,(anonymous_1)
FN:16,sleep
FN:17,(anonymous_3)
FNF:4
FNH:4
FNDA:37,titleCase
FNDA:56,(anonymous_1)
FNDA:1,sleep
FNDA:1,(anonymous_3)
DA:2,37
DA:4,34
DA:5,3
DA:8,31
DA:12,56
DA:17,1
DA:20,4
LF:7
LH:7
BRDA:2,0,0,3
BRDA:2,0,1,34
BRDA:4,1,0,3
BRDA:4,1,1,31
BRF:4
BRH:4
end_of_record
TN:
SF:helper/parseItems.js
FN:3,(anonymous_0)
FN:22,(anonymous_1)
FN:23,(anonymous_2)
FN:28,(anonymous_3)
FN:30,(anonymous_4)
FN:33,(anonymous_5)
FN:50,(anonymous_6)
FN:51,(anonymous_7)
FN:53,(anonymous_8)
FN:56,(anonymous_9)
FN:61,(anonymous_10)
FN:62,(anonymous_11)
FN:78,(anonymous_12)
FN:80,(anonymous_13)
FN:86,(anonymous_14)
FN:88,(anonymous_15)
FN:89,(anonymous_16)
FN:100,(anonymous_17)
FN:104,(anonymous_18)
FN:105,(anonymous_19)
FN:108,(anonymous_20)
FN:110,(anonymous_21)
FN:116,(anonymous_22)
FN:117,(anonymous_23)
FNF:24
FNH:24
FNDA:6,(anonymous_0)
FNDA:1,(anonymous_1)
FNDA:1,(anonymous_2)
FNDA:80,(anonymous_3)
FNDA:80,(anonymous_4)
FNDA:6,(anonymous_5)
FNDA:1,(anonymous_6)
FNDA:1,(anonymous_7)
FNDA:1,(anonymous_8)
FNDA:1,(anonymous_9)
FNDA:2,(anonymous_10)
FNDA:2,(anonymous_11)
FNDA:13,(anonymous_12)
FNDA:13,(anonymous_13)
FNDA:3,(anonymous_14)
FNDA:3,(anonymous_15)
FNDA:3,(anonymous_16)
FNDA:13,(anonymous_17)
FNDA:1,(anonymous_18)
FNDA:1,(anonymous_19)
FNDA:13,(anonymous_20)
FNDA:1,(anonymous_21)
FNDA:13,(anonymous_22)
FNDA:1,(anonymous_23)
DA:1,2
DA:3,2
DA:4,6
DA:5,6
DA:6,6
DA:22,1
DA:23,1
DA:27,6
DA:28,80
DA:30,6
DA:31,80
DA:33,20
DA:35,20
DA:36,2
DA:38,18
DA:41,20
DA:44,6
DA:46,6
DA:47,3
DA:48,1
DA:50,1
DA:51,1
DA:53,1
DA:56,2
DA:57,2
DA:61,2
DA:62,2
DA:68,2
DA:71,3
DA:74,6
DA:75,6
DA:78,2
DA:80,13
DA:81,13
DA:82,13
DA:83,32
DA:84,12
DA:85,3
DA:87,3
DA:88,3
DA:89,3
DA:95,13
DA:98,13
DA:101,13
DA:102,13
DA:104,1
DA:105,1
DA:109,13
DA:110,1
DA:117,13
DA:122,2
LF:51
LH:51
BRDA:7,0,0,6
BRDA:7,0,1,6
BRDA:8,1,0,6
BRDA:8,1,1,6
BRDA:9,2,0,6
BRDA:9,2,1,6
BRDA:10,3,0,6
BRDA:10,3,1,5
BRDA:11,4,0,6
BRDA:11,4,1,6
BRDA:12,5,0,6
BRDA:12,5,1,6
BRDA:13,6,0,6
BRDA:13,6,1,6
BRDA:14,7,0,6
BRDA:14,7,1,6
BRDA:15,8,0,6
BRDA:15,8,1,6
BRDA:16,9,0,6
BRDA:16,9,1,6
BRDA:17,10,0,6
BRDA:17,10,1,6
BRDA:18,11,0,6
BRDA:18,11,1,6
BRDA:19,12,0,6
BRDA:19,12,1,6
BRDA:22,13,0,6
BRDA:22,13,1,5
BRDA:22,14,0,1
BRDA:22,14,1,0
BRDA:23,15,0,6
BRDA:23,15,1,5
BRDA:23,16,0,1
BRDA:23,16,1,0
BRDA:31,17,0,60
BRDA:31,17,1,20
BRDA:33,18,0,6
BRDA:33,18,1,5
BRDA:35,19,0,2
BRDA:35,19,1,18
BRDA:36,20,0,2
BRDA:36,20,1,1
BRDA:46,21,0,3
BRDA:46,21,1,3
BRDA:46,22,0,6
BRDA:46,22,1,3
BRDA:46,22,2,3
BRDA:46,22,3,3
BRDA:47,23,0,1
BRDA:47,23,1,2
BRDA:47,24,0,3
BRDA:47,24,1,1
BRDA:56,25,0,2
BRDA:56,25,1,0
BRDA:60,26,0,2
BRDA:60,26,1,0
BRDA:84,27,0,3
BRDA:84,27,1,9
BRDA:88,28,0,3
BRDA:88,28,1,3
BRDA:101,29,0,13
BRDA:101,29,1,11
BRDA:102,30,0,2
BRDA:102,30,1,11
BRDA:109,31,0,2
BRDA:109,31,1,11
BRDA:117,32,0,13
BRDA:117,32,1,12
BRF:68
BRH:64
end_of_record
TN:
SF:helper/prices.js
FN:12,getPrices
FN:19,(anonymous_1)
FNF:2
FNH:2
FNDA:11,getPrices
FNDA:4,(anonymous_1)
DA:1,3
DA:2,3
DA:5,3
DA:13,11
DA:15,8
DA:17,5
DA:19,4
DA:20,4
DA:21,4
DA:23,3
DA:24,3
DA:26,1
DA:27,0
DA:29,1
DA:32,1
DA:35,4
DA:39,4
DA:42,3
LF:18
LH:17
BRDA:12,0,0,1
BRDA:12,1,0,3
BRDA:12,2,0,7
BRDA:13,3,0,3
BRDA:13,3,1,8
BRDA:15,4,0,3
BRDA:15,4,1,5
BRDA:15,5,0,8
BRDA:15,5,1,7
BRDA:17,6,0,1
BRDA:17,6,1,4
BRDA:26,7,0,0
BRDA:26,7,1,1
BRDA:27,8,0,0
BRDA:27,8,1,0
BRDA:30,9,0,1
BRDA:30,9,1,1
BRF:17
BRH:14
end_of_record
TN:
SF:managers/UpdateManager.js
FN:10,(anonymous_0)
FN:24,(anonymous_1)
FN:32,(anonymous_2)
FN:44,(anonymous_3)
FN:53,(anonymous_4)
FNF:5
FNH:5
FNDA:15,(anonymous_0)
FNDA:2,(anonymous_1)
FNDA:2,(anonymous_2)
FNDA:1,(anonymous_3)
FNDA:5,(anonymous_4)
DA:1,13
DA:11,15
DA:12,2
DA:15,13
DA:16,13
DA:17,13
DA:18,13
DA:25,2
DA:26,2
DA:33,2
DA:34,1
DA:37,1
DA:45,1
DA:46,1
DA:47,1
DA:54,5
DA:55,5
DA:56,4
DA:57,4
DA:58,4
DA:59,4
DA:61,4
DA:62,1
DA:65,3
DA:69,2
DA:72,1
DA:80,13
DA:82,13
LF:28
LH:28
BRDA:11,0,0,2
BRDA:11,0,1,13
BRDA:33,1,0,1
BRDA:33,1,1,1
BRDA:61,2,0,1
BRDA:61,2,1,3
BRDA:65,3,0,2
BRDA:65,3,1,1
BRDA:66,4,0,3
BRDA:66,4,1,3
BRDA:66,4,2,2
BRDA:66,4,3,2
BRDA:66,4,4,2
BRF:13
BRH:13
end_of_record
TN:
SF:tests/handlers/BaseHandlerTest.js
FN:4,(anonymous_0)
FN:9,(anonymous_1)
FN:10,(anonymous_2)
FN:11,(anonymous_3)
FN:12,(anonymous_4)
FNF:5
FNH:5
FNDA:2,(anonymous_0)
FNDA:2,(anonymous_1)
FNDA:2,(anonymous_2)
FNDA:4,(anonymous_3)
FNDA:4,(anonymous_4)
DA:1,2
DA:5,2
DA:6,2
DA:10,2
DA:11,2
DA:12,4
DA:13,4
DA:16,4
DA:17,4
DA:20,4
DA:21,4
DA:22,2
DA:24,4
DA:29,4
DA:36,2
LF:15
LH:15
BRDA:11,0,0,2
BRDA:11,1,0,2
BRDA:21,2,0,2
BRDA:21,2,1,2
BRF:4
BRH:4
end_of_record
